DEBUG:
(' AYT Organik Kimya Pro Soru Bankası Yayın Denizi', 'Yayın Denizi Yayınları', 160, '84.15', '99.00', '13', '5', 'kimya', 'ayt', None, 'soru bankası', 'https://www.kitapsec.com/Products/AYT-Organik-Kimya-Pro-Soru-Bankasi-Yayin-Denizi-650734.html', 'https://cdn.kitapsec.com/image/urun/2021/09/20/1632141238.jpg') 
 
DEBUG:
(' TYT AYT MSÜ KPSS ALES Tam Marifetli Paragraf Soru Bankası Yargı Yayınları', 'Yargı Yayınları', 144, '41.00', '58.00', '1559', '4.8', 'türkçe', 'lise', None, 'soru bankası', 'https://www.kitapsec.com/Products/TYT-AYT-MSU-KPSS-ALES-Tam-Marifetli-Paragraf-Soru-Bankasi-Yargi-Yayinlari-240772.html', 'https://cdn.kitapsec.com/image/urun/2022/11/22/1669099324.png') 
 
DEBUG:
(' İlk 5000 Türkçe Soru Bankası Feybe Yayınları', 'Feybe Yayınları', 208, '84.00', '120.00', '15', '5', 'türkçe', 'lise', None, 'soru bankası', 'https://www.kitapsec.com/Products/Ilk-5000-Turkce-Soru-Bankasi-Feybe-Yayinlari-551374.html', 'https://cdn.kitapsec.com/image/urun/2020/10/08/1602163681.jpg') 
 
DEBUG:
(' Üniversiteye Hazırlık MSÜ Tıpkı Basım  Çap Yayınları', 'Çap Yayınları', 43, '24.65', '29.00', '23', '4', 'genel', 'lise', None, 'diğer', 'https://www.kitapsec.com/Products/Universiteye-Hazirlik-MSU-Tipki-Basim-Cap-Yayinlari-782384.html', 'https://cdn.kitapsec.com/image/urun/2022/11/02/1667387609.png') 
 
DEBUG:
('%100 Kazandıran Hızlandırılmış TYT Hazırlık Seti', 'Enine Boyuna Eğitim', None, '4999.00', '5999.00', None, '0', 'genel', 'tyt', None, 'diğer', 'https://www.kitapsec.com/Products/100-Kazandiran-Hizlandirilmis-TYT-Hazirlik-Seti-818425.html', 'https://cdn.kitapsec.com/image/urun/mid-4772467/2023/04/23/urun-foto-1682281292.jpg') 
 
DEBUG:
('%100 Yeni Nesil Türkçe Soru Bankası Fragman Yayınları', 'Fragman Yayınları', 120, '65.00', '65.00', '839', '4.2', 'türkçe', 'lise', None, 'soru bankası', 'https://www.kitapsec.com/Products/100-Yeni-Nesil-Turkce-Soru-Bankasi-Fragman-Yayinlari-537463.html', 'https://cdn.kitapsec.com/image/urun/2020/12/03/1607006173.jpg') 
 
DEBUG:
('%100 Yeni Nesil TYT Problemler Soru Bankası Fragman Yayınları', 'Fragman Yayınları', 128, '49.00', '99.00', '13468', '4.4', 'matematik', 'tyt', None, 'soru bankası', 'https://www.kitapsec.com/Products/100-Yeni-Nesil-TYT-Problemler-Soru-Bankasi-Fragman-Yayinlari-397751.html', 'https://cdn.kitapsec.com/image/urun/2020/12/03/1607006212.jpg') 
 
DEBUG:
('%100 Yeni Nesil TYT Problemler Soru Bankası Fragman Yayınları', 'Fragman Yayınları', 128, '83.78', '83.78', '8', '4', 'matematik', 'tyt', None, 'soru bankası', 'https://www.kitapsec.com/Products/100-Yeni-Nesil-TYT-Problemler-Soru-Bankasi-Fragman-Yayinlari-691918.html', 'https://cdn.kitapsec.com/image/urun/2020/12/03/1607006212.jpg') 
 
DEBUG:
('0 dan 100 e Taktiklerle Dil Bilgisi Soruları Altın Anahtar Yayınları', 'Altın Anahtar', 296, '146.25', '225.00', '3', '4', 'türkçe', 'tyt', None, 'diğer', 'https://www.kitapsec.com/Products/0-dan-100-e-Taktiklerle-Dil-Bilgisi-Sorulari-Altin-Anahtar-Yayinlari-834008.html', 'https://cdn.kitapsec.com/image/urun/2020/03/05/1583406369.jpg') 
 
DEBUG:
('0`dan Problemler Rehber Matematik Tonguç Akademi', 'Rehber Matematik', 120, '179.00', '179.00', '2', '4', 'matematik', 'tyt', None, 'diğer', 'https://www.kitapsec.com/Products/0dan-Problemler-Rehber-Matematik-Tonguc-Akademi-829181.html', 'https://cdn.kitapsec.com/image/urun/2022/10/14/1665750050.png') 
 
DEBUG:
('0`dan Problemler Rehber Matematik Tonguç Akademi', 'Rehber Matematik', 120, '179.00', '179.00', '16', '5', 'matematik', 'tyt', None, 'diğer', 'https://www.kitapsec.com/Products/0dan-Problemler-Rehber-Matematik-Tonguc-Akademi-817315.html', 'https://cdn.kitapsec.com/image/urun/2022/10/14/1665750050.png') 
 
DEBUG:
('0`dan Problemler Rehber Matematik Tonguç Akademi', 'Rehber Matematik', 120, '179.00', '179.00', '2', '4', 'matematik', 'tyt', None, 'diğer', 'https://www.kitapsec.com/Products/0dan-Problemler-Rehber-Matematik-Tonguc-Akademi-837895.html', 'https://cdn.kitapsec.com/image/urun/2023/08/14/1692021955.jpg') 
 
DEBUG:
('0`dan Problemler Rehber Matematik Tonguç Akademi', 'Rehber Matematik', 120, '179.00', '179.00', '1528', '4.9', 'matematik', 'tyt', None, 'diğer', 'https://www.kitapsec.com/Products/0dan-Problemler-Rehber-Matematik-Tonguc-Akademi-777864.html', 'https://cdn.kitapsec.com/image/urun/2023/08/14/1692021955.jpg') 
 
DEBUG:
('0`dan Problemler Rehber Matematik Tonguç Akademi', 'Rehber Matematik', 120, '189.90', '189.90', '3', '4', 'matematik', 'tyt', None, 'diğer', 'https://www.kitapsec.com/Products/0dan-Problemler-Rehber-Matematik-Tonguc-Akademi-804622.html', 'https://cdn.kitapsec.com/image/urun/2022/10/14/1665750050.png') 
 
DEBUG:
('10 Lu TYT Matematik Denemesi Tsunami Yayınları', 'Tsunami Yayınları', 128, '52.08', '59.00', '1', '4', 'matematik', 'tyt', None, 'deneme', 'https://www.kitapsec.com/Products/10-Lu-TYT-Matematik-Denemesi-Tsunami-Yayinlari-771733.html', 'https://cdn.kitapsec.com/image/urun/2021/01/16/1610778287.jpg') 
 
DEBUG:
('10 Lu TYT Türkçe Denemesi Tsunami Yayınları', 'Tsunami Yayınları', 128, '44.25', '59.00', '28', '5', 'türkçe', 'tyt', None, 'deneme', 'https://www.kitapsec.com/Products/10-Lu-TYT-Turkce-Denemesi-Tsunami-Yayinlari-571449.html', 'https://cdn.kitapsec.com/image/urun/2021/01/15/1610721668.jpg') 
 
DEBUG:
('10. Sınıf Öğreten Master Matematik Seti ve Soru Bankası Gür Yayınları Kalemlik HEDİYELİ', 'Gür Yayınları', None, '417.07', '510.00', None, '0', 'matematik', '10.', None, 'soru bankası', 'https://www.kitapsec.com/Products/10-Sinif-Ogreten-Master-Matematik-Seti-ve-Soru-Bankasi-Gur-Yayinlari-Kalemlik-HEDIYELI-669576.html', 'https://cdn.kitapsec.com/image/urun/mid-4726997/2021/11/15/urun-foto-1636978708.jpg') 
 
DEBUG:
('100 ÖSYM Soru Tipleriyle Paragraf Fides Yayınları', 'Fides Yayınları', 352, '216.00', '240.00', '2', '4', 'türkçe', 'tyt', None, 'diğer', 'https://www.kitapsec.com/Products/100-OSYM-Soru-Tipleriyle-Paragraf-Fides-Yayinlari-705173.html', 'https://cdn.kitapsec.com/image/urun/2021/07/16/1626422167.jpg') 
 
DEBUG:
('100 ÖSYM Soru Tipleriyle Paragraf Fides Yayınları 2024', 'Fides Yayınları', 352, '205.00', '240.00', '63', '5', 'türkçe', 'tyt', '2024', 'diğer', 'https://www.kitapsec.com/Products/100-OSYM-Soru-Tipleriyle-Paragraf-Fides-Yayinlari-2024-692338.html', 'https://cdn.kitapsec.com/image/urun/2021/07/16/1626422167.jpg') 
 
DEBUG:
('100 ÖSYM Soru Tipleriyle Paragraf Fides Yayınları 2024', 'Fides Yayınları', 352, '172.00', '240.00', '5', '4', 'türkçe', 'tyt', '2024', 'diğer', 'https://www.kitapsec.com/Products/100-OSYM-Soru-Tipleriyle-Paragraf-Fides-Yayinlari-2024-837692.html', 'https://cdn.kitapsec.com/image/urun/2021/07/16/1626422167.jpg') 
 
DEBUG:
('11. Sınıf Eşit Ağırlık (26 Kitap, Mobil/Web) Yapay Zekalı,  Üniversiteye Hazırlık Seti', 'Raunt', None, '8900.00', '12900.00', None, '0', 'genel', '11.', None, 'diğer', 'https://www.kitapsec.com/Products/11-Sinif-Esit-Agirlik-26-Kitap-Mobil-Web-Yapay-Zekali-Universiteye-Hazirlik-Seti-816537.html', 'https://cdn.kitapsec.com/image/urun/mid-4955535/2023/08/23/urun-foto-1692770100.png') 
 
DEBUG:
('11. Sınıf SAY (37 Kitap, Mobil/Web) Yapay Zekalı, Üniversiteye Hazırlık Seti', 'Raunt', None, '8900.00', '12900.00', None, '0', 'genel', '11.', None, 'diğer', 'https://www.kitapsec.com/Products/11-Sinif-SAY-37-Kitap-Mobil-Web-Yapay-Zekali-Universiteye-Hazirlik-Seti-816539.html', 'https://cdn.kitapsec.com/image/urun/mid-4955535/2023/08/23/urun-foto-1692770295.png') 
 
DEBUG:
('12. SINIF TYT  20`Lİ DENEME SETİ  Bilfen Yayıncılık', 'Bilfen Yayıncılık', None, '270.00', '300.00', None, '0', 'genel', '12.', None, 'deneme', 'https://www.kitapsec.com/Products/12-SINIF-TYT-20LI-DENEME-SETI-Bilfen-Yayincilik-832248.html', 'https://cdn.kitapsec.com/image/urun/mid-4861709/2023/07/30/urun-foto-1690679830.jpg') 
 
DEBUG:
('12. Sınıf AYT Matematik Soru Bankası BYS Kafası', 'Bys Kafası Yayınları', 160, '162.00', '216.00', '19', '4', 'matematik', 'ayt', None, 'soru bankası', 'https://www.kitapsec.com/Products/12-Sinif-AYT-Matematik-Soru-Bankasi-BYS-Kafasi-555432.html', 'https://cdn.kitapsec.com/image/urun/2020/10/28/1603875862.jpg') 
 
DEBUG:
('12. Sınıf Fen Lisesi Biyoloji Seti Çap Yayınları', 'Çap Yayınları', None, '174.25', '205.00', '9', '4', 'biyoloji', '12.', None, 'diğer', 'https://www.kitapsec.com/Products/12-Sinif-Fen-Lisesi-Biyoloji-Seti-Cap-Yayinlari-766375.html', 'https://cdn.kitapsec.com/image/urun/2022/08/23/1661265245.jpg') 
 
DEBUG:
('12.Sınıf AYT Fizik Soru Bankası Kitabı Simya Dergisi Yayınları', 'Simya Dergisi Yayınları', 304, '99.75', '133.00', '2', '4', 'fizik', 'ayt', None, 'soru bankası', 'https://www.kitapsec.com/Products/12Sinif-AYT-Fizik-Soru-Bankasi-Kitabi-Simya-Dergisi-Yayinlari-555144.html', 'https://cdn.kitapsec.com/image/urun/2020/10/27/1603789642.jpg') 
 
DEBUG:
('12.Sınıf AYT Kimya Konu Anlatımlı Kitabı Simya Dergisi Yayınları', 'Simya Dergisi Yayınları', 304, '99.75', '133.00', '1', '2', 'kimya', 'ayt', None, 'diğer', 'https://www.kitapsec.com/Products/12Sinif-AYT-Kimya-Konu-Anlatimli-Kitabi-Simya-Dergisi-Yayinlari-555128.html', 'https://cdn.kitapsec.com/image/urun/2020/10/27/1603785815.jpg') 
 
DEBUG:
('12.Sınıf Matematik Seti Sonuç Yayınları', 'Sonuç Yayınları', None, '181.30', '259.00', '142', '5', 'matematik', '12.', None, 'diğer', 'https://www.kitapsec.com/Products/12Sinif-Matematik-Seti-Sonuc-Yayinlari-766328.html', 'https://cdn.kitapsec.com/image/urun/2022/08/23/1661245306.jpg') 
 
DEBUG:
('12.Sınıf TYT Biyoloji Soru Bankası Kitabı Simya Dergisi Yayınları', 'Simya Dergisi Yayınları', 160, '63.00', '84.00', '13', '5', 'biyoloji', '12.', None, 'soru bankası', 'https://www.kitapsec.com/Products/12Sinif-TYT-Biyoloji-Soru-Bankasi-Kitabi-Simya-Dergisi-Yayinlari-555148.html', 'https://cdn.kitapsec.com/image/urun/2020/10/27/1603790330.jpg') 
 
DEBUG:
('12.Sınıf TYT Felsefe Konu Özetli Soru Bankası Simya Dergisi Yayınları', 'Simya Dergisi Yayınları', 160, '64.50', '86.00', '4', '4', 'felsefe', '12.', None, 'soru bankası', 'https://www.kitapsec.com/Products/12Sinif-TYT-Felsefe-Konu-Ozetli-Soru-Bankasi-Simya-Dergisi-Yayinlari-555134.html', 'https://cdn.kitapsec.com/image/urun/2020/10/27/1603787410.jpg') 
 
DEBUG:
('12.Sınıf TYT Kimya Soru Bankası Kitabı BYS Kafası Yayınları', 'Bys Kafası Yayınları', 160, '122.25', '163.00', '8', '4', 'kimya', '12.', None, 'soru bankası', 'https://www.kitapsec.com/Products/12Sinif-TYT-Kimya-Soru-Bankasi-Kitabi-BYS-Kafasi-Yayinlari-555486.html', 'https://cdn.kitapsec.com/image/urun/2020/10/28/1603884465.jpg') 
 
DEBUG:
('12.Sınıf TYT Kimya Soru Bankası Kitabı Simya Dergisi Yayınları', 'Simya Dergisi Yayınları', 208, '83.25', '111.00', '3', '4', 'kimya', '12.', None, 'soru bankası', 'https://www.kitapsec.com/Products/12Sinif-TYT-Kimya-Soru-Bankasi-Kitabi-Simya-Dergisi-Yayinlari-555146.html', 'https://cdn.kitapsec.com/image/urun/2020/10/27/1603789874.jpg') 
 
DEBUG:
('2009-2021 TYT AYT Geometri Son 13 Yıl Tıpkı Basım Konularına Göre Düzenlenmiş Tamamı Çözümlü Çıkmış Sorular Benim Hocam Yayınları', 'Benim Hocam Yayınları', 168, '69.90', '119.00', None, '0', 'matematik', 'lise', '2021', 'diğer', 'https://www.kitapsec.com/Products/2009-2021-TYT-AYT-Geometri-Son-13-Yil-Tipki-Basim-Konularina-Gore-Duzenlenmis-Tamami-Cozumlu-Cikmis-Sorular-Benim-Hocam-Yayinlari-815728.html', 'https://cdn.kitapsec.com/image/urun/2022/01/05/1641362914.jpg') 
 
DEBUG:
('2009-2021 TYT AYT Geometri Son 13 Yıl Tıpkı Basım Konularına Göre Düzenlenmiş Tamamı Çözümlü Çıkmış Sorular Benim Hocam Yayınları', 'Benim Hocam Yayınları', 168, '59.00', '119.00', None, '0', 'matematik', 'lise', '2021', 'diğer', 'https://www.kitapsec.com/Products/2009-2021-TYT-AYT-Geometri-Son-13-Yil-Tipki-Basim-Konularina-Gore-Duzenlenmis-Tamami-Cozumlu-Cikmis-Sorular-Benim-Hocam-Yayinlari-824284.html', 'https://cdn.kitapsec.com/image/urun/2022/01/05/1641362914.jpg') 
 
DEBUG:
('2009-2021 YKS 1.Oturum Son 13 Yıl Tıpkı Basım Fasikül Fasikül Çıkmış Sorular Benim Hocam Yayınları', 'Benim Hocam Yayınları', None, '149.90', '199.00', '9', '4', 'genel', 'lise', '2021', 'diğer', 'https://www.kitapsec.com/Products/2009-2021-YKS-1Oturum-Son-13-Yil-Tipki-Basim-Fasikul-Fasikul-Cikmis-Sorular-Benim-Hocam-Yayinlari-814031.html', 'https://cdn.kitapsec.com/image/urun/2021/11/25/1637843261.jpg') 
 
DEBUG:
('2009-2021 YKS 1.Oturum Son 7 Yıl Tıpkı Basım Fasikül Fasikül Çıkmış Sorular Benim Hocam Yayınları', 'Benim Hocam Yayınları', None, '129.00', '199.00', '1', '4', 'genel', 'lise', '2021', 'diğer', 'https://www.kitapsec.com/Products/2009-2021-YKS-1Oturum-Son-7-Yil-Tipki-Basim-Fasikul-Fasikul-Cikmis-Sorular-Benim-Hocam-Yayinlari-814030.html', 'https://cdn.kitapsec.com/image/urun/2021/11/30/1638267355.jpg') 
 
DEBUG:
('2009-2021 YKS 2. Oturum Sayısal Bölüm Son 13 Yıl Tıpkı Basım Fasikül Fasikül Çıkmış Sorular Benim Hocam Yayınları', 'Benim Hocam Yayınları', None, '129.00', '199.00', '5', '4', 'sayısal', 'lise', '2021', 'diğer', 'https://www.kitapsec.com/Products/2009-2021-YKS-2-Oturum-Sayisal-Bolum-Son-13-Yil-Tipki-Basim-Fasikul-Fasikul-Cikmis-Sorular-Benim-Hocam-Yayinlari-817252.html', 'https://cdn.kitapsec.com/image/urun/2022/04/16/1650091483.jpg') 
 
DEBUG:
('2009-2021 YKS 2.Oturum Eşit Ağırlık Sözel Bölüm Son 13 Yıl Tıpkı Basım Fasikül Fasikül Çıkmış Sorular Benim Hocam Yayınları', 'Benim Hocam Yayınları', None, '129.00', '199.00', None, '0', 'sözel', 'lise', '2021', 'diğer', 'https://www.kitapsec.com/Products/2009-2021-YKS-2Oturum-Esit-Agirlik-Sozel-Bolum-Son-13-Yil-Tipki-Basim-Fasikul-Fasikul-Cikmis-Sorular-Benim-Hocam-Yayinlari-817250.html', 'https://cdn.kitapsec.com/image/urun/2022/02/19/1645254654.jpg') 
 
DEBUG:
('2015 2021 YKS 2.Oturum Sayısal Bölüm Son 7 Yıl Tıpkı Basım Fasikül Fasikül Çıkmış Sorular Benim Hocam Yayınları', 'Benim Hocam Yayınları', None, '129.00', '199.00', None, '0', 'sayısal', 'lise', '2021', 'diğer', 'https://www.kitapsec.com/Products/2015-2021-YKS-2Oturum-Sayisal-Bolum-Son-7-Yil-Tipki-Basim-Fasikul-Fasikul-Cikmis-Sorular-Benim-Hocam-Yayinlari-817246.html', 'https://cdn.kitapsec.com/image/urun/2021/12/03/1638533727.jpg') 
 
DEBUG:
('2018 AYT Tıpkı Basım Çap Yayınları', 'Çap Yayınları', None, '24.65', '29.00', '2649', '4.4', 'genel', 'ayt', '2018', 'diğer', 'https://www.kitapsec.com/Products/2018-AYT-Tipki-Basim-Cap-Yayinlari-349548.html', 'https://cdn.kitapsec.com/image/urun/2019/02/19/1550558639.jpg') 
 
DEBUG:
('2018 AYT Tıpkı Basım Çıkmış Deneme Sınavı A Yayınları', 'A Yayınları', 48, '15.00', '20.00', '6', '4', 'genel', 'ayt', '2018', 'deneme', 'https://www.kitapsec.com/Products/2018-AYT-Tipki-Basim-Cikmis-Deneme-Sinavi-A-Yayinlari-694245.html', 'https://cdn.kitapsec.com/image/urun/2021/09/30/1633013646.jpg') 
 
DEBUG:
('2018 MSÜ Tıpkı Basım Çap Yayınları', 'Çap Yayınları', None, '24.65', '29.00', '3123', '4.2', 'genel', 'lise', '2018', 'diğer', 'https://www.kitapsec.com/Products/2018-MSU-Tipki-Basim-Cap-Yayinlari-405663.html', 'https://cdn.kitapsec.com/image/urun/2020/01/06/1578336065.jpg') 
 
DEBUG:
('2019 AYT 3D Geometri Tamamı Video Çözümlü Soru Bankası 3D Yayınları', '3d Yayınları', 288, '169.00', '188.00', '2', '4', 'matematik', 'ayt', '2019', 'soru bankası', 'https://www.kitapsec.com/Products/2019-AYT-3D-Geometri-Tamami-Video-Cozumlu-Soru-Bankasi-3D-Yayinlari-695849.html', 'https://cdn.kitapsec.com/image/urun/2021/08/13/1628846026.jpg') 
 
DEBUG:
('2019 AYT 3D Tarih Tamamı Video Çözümlü Soru Bankası 3D Yayınları', '3d Yayınları', 272, '167.00', '186.00', '3', '4', 'tarih', 'ayt', '2019', 'soru bankası', 'https://www.kitapsec.com/Products/2019-AYT-3D-Tarih-Tamami-Video-Cozumlu-Soru-Bankasi-3D-Yayinlari-695850.html', 'https://cdn.kitapsec.com/image/urun/2021/08/13/1628845923.jpg') 
 
DEBUG:
('2019 AYT Tıpkı Basım Çap Yayınları', 'Çap Yayınları', 43, '24.65', '29.00', '686', '4.8', 'genel', 'ayt', '2019', 'diğer', 'https://www.kitapsec.com/Products/2019-AYT-Tipki-Basim-Cap-Yayinlari-371399.html', 'https://cdn.kitapsec.com/image/urun/2019/07/27/1564182473.jpg') 
 
DEBUG:
('2019 TYT Tıpkı Basım Çap Yayınları', 'Çap Yayınları', 39, '24.65', '29.00', '2088', '4.6', 'genel', 'tyt', '2019', 'diğer', 'https://www.kitapsec.com/Products/2019-TYT-Tipki-Basim-Cap-Yayinlari-371397.html', 'https://cdn.kitapsec.com/image/urun/2019/07/27/1564182332.jpg') 
 
DEBUG:
('2019 TYT Tıpkı Basım Çıkmış Deneme Sınavı A Yayınları', 'A Yayınları', 40, '15.00', '18.00', '16', '5', 'genel', 'tyt', '2019', 'deneme', 'https://www.kitapsec.com/Products/2019-TYT-Tipki-Basim-Cikmis-Deneme-Sinavi-A-Yayinlari-694243.html', 'https://cdn.kitapsec.com/image/urun/2021/09/30/1633013529.jpg') 
 
DEBUG:
('2019-AYT Matematik Full Çeken Soru Bankası Sınav Dergisi Yayınları', 'Sınav Yayınları', 184, '39.00', '65.00', '4', '4', 'matematik', 'ayt', '2019', 'soru bankası', 'https://www.kitapsec.com/Products/2019-AYT-Matematik-Full-Ceken-Soru-Bankasi-Sinav-Dergisi-Yayinlari-731697.html', 'https://cdn.kitapsec.com/image/urun/2019/07/26/1564130704.jpg') 
 
DEBUG:
('2020 11. Sınıf YKSDİL Gramer Kitabı (Efa Serisi) Benim Hocam Yayınları', 'Benim Hocam Yayınları', 336, '33.25', '47.50', '60', '4', 'ingilizce', '11.', '2020', 'diğer', 'https://www.kitapsec.com/Products/2020-11-Sinif-YKSDIL-Gramer-Kitabi-Efa-Serisi-Benim-Hocam-Yayinlari-324309.html', 'https://cdn.kitapsec.com/image/urun/2018/10/13/1539437228.jpg') 
 
DEBUG:
('2020 Model AYT 10 lu Matematik Deneme Üç Dört Beş Yayınları', 'Üç Dört Beş Yayınları', 160, '59.95', '79.00', '53', '4', 'matematik', 'ayt', '2020', 'deneme', 'https://www.kitapsec.com/Products/2020-Model-AYT-10-lu-Matematik-Deneme-Uc-Dort-Bes-Yayinlari-778488.html', 'https://cdn.kitapsec.com/image/urun/mid-4906406/2023/07/20/urun-foto-1689845191.png') 
 
DEBUG:
('2020 MSÜ Tıpkı Basım Çap Yayınları', 'Çap Yayınları', 35, '24.65', '29.00', '1139', '4.8', 'genel', 'lise', '2020', 'diğer', 'https://www.kitapsec.com/Products/2020-MSU-Tipki-Basim-Cap-Yayinlari-543560.html', 'https://cdn.kitapsec.com/image/urun/2020/09/04/1599193558.jpg') 
 
DEBUG:
('2020 TYT 3 Adımda Matematik Türkçe 5 li Deneme 2.Adım Benim Hocam Yayınları', 'Benim Hocam Yayınları', 256, '59.00', '59.00', None, '0', 'türkçe', 'tyt', '2020', 'deneme', 'https://www.kitapsec.com/Products/2020-TYT-3-Adimda-Matematik-Turkce-5-li-Deneme-2Adim-Benim-Hocam-Yayinlari-830318.html', 'https://cdn.kitapsec.com/image/urun/2019/05/11/1557558274.jpg') 
 
DEBUG:
('2020 TYT Matematiğin Abc si Matematik 2. Kitap Süper Kitap', 'Süper Kitap', 328, '49.00', '58.00', '2', '5', 'matematik', 'tyt', '2020', 'diğer', 'https://www.kitapsec.com/Products/2020-TYT-Matematigin-Abc-si-Matematik-2-Kitap-Super-Kitap-602723.html', 'https://cdn.kitapsec.com/image/urun/mid-4550215/2021/05/24/urun-foto-1621847698.jpg') 
 
DEBUG:
('2020 TYT Tıpkı Basım Çap Yayınları', 'Çap Yayınları', 35, '24.65', '29.00', '732', '3.7', 'genel', 'tyt', '2020', 'diğer', 'https://www.kitapsec.com/Products/2020-TYT-Tipki-Basim-Cap-Yayinlari-543561.html', 'https://cdn.kitapsec.com/image/urun/2020/09/04/1599193652.jpg') 
 
DEBUG:
('2020 YDT YKSDİL Tamamı Çözümlü 8 Deneme Benim Hocam Yayınları', 'Benim Hocam Yayınları', None, '55.30', '79.00', '702', '4.2', 'ingilizce', 'ydt', '2020', 'deneme', 'https://www.kitapsec.com/Products/2020-YDT-YKSDIL-Tamami-Cozumlu-8-Deneme-Benim-Hocam-Yayinlari-366343.html', 'https://cdn.kitapsec.com/image/urun/2019/05/31/1559288971.jpg') 
 
DEBUG:
('2020 YKSDİL 30x30 Tamamı Çözümlü Mini Denemeler Benim Hocam Yayınları', 'Benim Hocam Yayınları', 676, '143.00', '143.00', None, '0', 'ingilizce', 'ydt', '2020', 'deneme', 'https://www.kitapsec.com/Products/2020-YKSDIL-30x30-Tamami-Cozumlu-Mini-Denemeler-Benim-Hocam-Yayinlari-818863.html', 'https://cdn.kitapsec.com/image/urun/2020/01/16/1579174472.jpg') 
 
DEBUG:
('2020 YKSDİL 30x30 Tamamı Çözümlü Mini Denemeler Benim Hocam Yayınları', 'Benim Hocam Yayınları', 676, '66.35', '99.00', '21', '4', 'ingilizce', 'ydt', '2020', 'deneme', 'https://www.kitapsec.com/Products/2020-YKSDIL-30x30-Tamami-Cozumlu-Mini-Denemeler-Benim-Hocam-Yayinlari-407735.html', 'https://cdn.kitapsec.com/image/urun/2020/01/16/1579174472.jpg') 
 
DEBUG:
('2021 AYT 10 Farklı Yayın 10 Farklı Deneme Altın Karma Yayınları', 'Altın Karma', None, '56.00', '70.00', None, '0', 'genel', 'ayt', '2021', 'deneme', 'https://www.kitapsec.com/Products/2021-AYT-10-Farkli-Yayin-10-Farkli-Deneme-Altin-Karma-Yayinlari-607424.html', 'https://cdn.kitapsec.com/image/urun/2021/02/05/1612507433.jpg') 
 
DEBUG:
('2021 AYT 5 li Fasikül Deneme Lider Plus Yayınları', 'Liderplus Yayınları', None, '55.00', '70.00', None, '0', 'genel', 'ayt', '2021', 'deneme', 'https://www.kitapsec.com/Products/2021-AYT-5-li-Fasikul-Deneme-Lider-Plus-Yayinlari-820356.html', 'https://cdn.kitapsec.com/image/urun/2019/11/21/1574316515.jpg') 
 
DEBUG:
('2021 AYT Biyoloji 25 li Denemeleri Süpervizör Yayınları', 'Süpervizör Yayınları', None, '85.00', '100.00', '1', '4', 'biyoloji', 'ayt', '2021', 'deneme', 'https://www.kitapsec.com/Products/2021-AYT-Biyoloji-25-li-Denemeleri-Supervizor-Yayinlari-775402.html', 'https://cdn.kitapsec.com/image/urun/2021/03/19/1616145026.jpg') 
 
DEBUG:
('2021 AYT Biyoloji 25 li Denemeleri Süpervizör Yayınları', 'Süpervizör Yayınları', None, '55.25', '65.00', '1', '4', 'biyoloji', 'ayt', '2021', 'deneme', 'https://www.kitapsec.com/Products/2021-AYT-Biyoloji-25-li-Denemeleri-Supervizor-Yayinlari-679969.html', 'https://cdn.kitapsec.com/image/urun/2021/03/19/1616145026.jpg') 
 
DEBUG:
('2021 AYT Biyoloji 25 li Denemeleri Süpervizör Yayınları', 'Süpervizör Yayınları', None, '72.00', '80.00', None, '0', 'biyoloji', 'ayt', '2021', 'deneme', 'https://www.kitapsec.com/Products/2021-AYT-Biyoloji-25-li-Denemeleri-Supervizor-Yayinlari-777327.html', 'https://cdn.kitapsec.com/image/urun/2021/03/19/1616145026.jpg') 
 
DEBUG:
('2021 AYT Biyoloji Soru Bankası Benim Hocam Yayınları', 'Benim Hocam Yayınları', 256, '99.99', '129.00', None, '0', 'biyoloji', 'ayt', '2021', 'soru bankası', 'https://www.kitapsec.com/Products/2021-AYT-Biyoloji-Soru-Bankasi-Benim-Hocam-Yayinlari-826124.html', 'https://cdn.kitapsec.com/image/urun/2020/08/28/1598595147.jpg') 
 
DEBUG:
('2021 AYT Coğrafya Tamamı Video Çözümlü 21 Deneme Sınavı Benim Hocam Yayınları', 'Benim Hocam Yayınları', 126, '59.00', '70.00', None, '0', 'coğrafya', 'ayt', '2021', 'deneme', 'https://www.kitapsec.com/Products/2021-AYT-Cografya-Tamami-Video-Cozumlu-21-Deneme-Sinavi-Benim-Hocam-Yayinlari-830704.html', 'https://cdn.kitapsec.com/image/urun/2021/01/07/1610013666.jpg') 
 
DEBUG:
('2021 AYT Coğrafya Video Ders Defteri Benim Hocam Yayınları', 'Benim Hocam Yayınları', 256, '75.00', '99.00', '2', '4', 'coğrafya', 'ayt', '2021', 'diğer', 'https://www.kitapsec.com/Products/2021-AYT-Cografya-Video-Ders-Defteri-Benim-Hocam-Yayinlari-763878.html', 'https://cdn.kitapsec.com/image/urun/mid-2734379/2022/08/12/urun-foto-1660312990.jpg') 
 
DEBUG:
('2021 AYT Edebiyat 24x24 Deneme (Video Çözümlü) Doktrin Yayınları', 'Doktrin Yayınları', 184, '90.00', '110.00', '4', '4', 'edebiyat', 'ayt', '2021', 'deneme', 'https://www.kitapsec.com/Products/2021-AYT-Edebiyat-24x24-Deneme-Video-Cozumlu-Doktrin-Yayinlari-616009.html', 'https://cdn.kitapsec.com/image/urun/2021/01/04/1609763432.jpg') 
 
DEBUG:
('2021 AYT Edebiyat 25 li Deneme Süpervizör Yayınları', 'Süpervizör Yayınları', None, '72.00', '80.00', None, '0', 'edebiyat', 'ayt', '2021', 'deneme', 'https://www.kitapsec.com/Products/2021-AYT-Edebiyat-25-li-Deneme-Supervizor-Yayinlari-777325.html', 'https://cdn.kitapsec.com/image/urun/2021/03/19/1616143717.jpg') 
 
DEBUG:
('2021 AYT Edebiyat 25 li Deneme Süpervizör Yayınları', 'Süpervizör Yayınları', None, '72.00', '80.00', '1', '4', 'edebiyat', 'ayt', '2021', 'deneme', 'https://www.kitapsec.com/Products/2021-AYT-Edebiyat-25-li-Deneme-Supervizor-Yayinlari-598651.html', 'https://cdn.kitapsec.com/image/urun/2021/03/19/1616143717.jpg') 
 
DEBUG:
('2021 AYT Eşit Ağırlık 5 Deneme ÖSYM Tarzı Kitapçıklarla Detaylı Video Çözümlü 3D Yayınları', '3d Yayınları', None, '95.40', '106.00', None, '0', 'genel', 'ayt', '2021', 'deneme', 'https://www.kitapsec.com/Products/2021-AYT-Esit-Agirlik-5-Deneme-OSYM-Tarzi-Kitapciklarla-Detayli-Video-Cozumlu-3D-Yayinlari-682330.html', 'https://cdn.kitapsec.com/image/urun/2021/02/11/1613037566.jpg') 
 
DEBUG:
('2021 AYT Eşit Ağırlık 5 Deneme ÖSYM Tarzı Kitapçıklarla Detaylı Video Çözümlü 3D Yayınları', '3d Yayınları', None, '94.89', '130.00', '2', '4', 'genel', 'ayt', '2021', 'deneme', 'https://www.kitapsec.com/Products/2021-AYT-Esit-Agirlik-5-Deneme-OSYM-Tarzi-Kitapciklarla-Detayli-Video-Cozumlu-3D-Yayinlari-686205.html', 'https://cdn.kitapsec.com/image/urun/2021/02/11/1613037566.jpg') 
 
DEBUG:
('2021 AYT Fizik Soru Bankası Benim Hocam Yayınları', 'Benim Hocam Yayınları', 288, '99.99', '129.00', None, '0', 'fizik', 'ayt', '2021', 'soru bankası', 'https://www.kitapsec.com/Products/2021-AYT-Fizik-Soru-Bankasi-Benim-Hocam-Yayinlari-826122.html', 'https://cdn.kitapsec.com/image/urun/2020/08/07/1596795440.jpg') 
 
DEBUG:
('2021 AYT Kimya 25 li Denemeleri Süpervizör Yayınları', 'Süpervizör Yayınları', None, '45.00', '65.00', '1', '4', 'kimya', 'ayt', '2021', 'deneme', 'https://www.kitapsec.com/Products/2021-AYT-Kimya-25-li-Denemeleri-Supervizor-Yayinlari-598650.html', 'https://cdn.kitapsec.com/image/urun/2021/03/19/1616144775.jpg') 
 
DEBUG:
('2021 AYT Kimya Soru Bankası Benim Hocam Yayınları', 'Benim Hocam Yayınları', 256, '89.90', '109.00', None, '0', 'kimya', 'ayt', '2021', 'soru bankası', 'https://www.kitapsec.com/Products/2021-AYT-Kimya-Soru-Bankasi-Benim-Hocam-Yayinlari-773652.html', 'https://cdn.kitapsec.com/image/urun/2020/08/22/1598078076.jpg') 
 
DEBUG:
('2021 AYT Kimya Soru Bankası Benim Hocam Yayınları', 'Benim Hocam Yayınları', 256, '89.00', '109.00', None, '0', 'kimya', 'ayt', '2021', 'soru bankası', 'https://www.kitapsec.com/Products/2021-AYT-Kimya-Soru-Bankasi-Benim-Hocam-Yayinlari-826116.html', 'https://cdn.kitapsec.com/image/urun/2020/08/22/1598078076.jpg') 
 
DEBUG:
('2021 AYT Matematik 10 lu Simülasyon Denemeleri Tamamı Video Çözümlü 3D Yayınları', '3d Yayınları', 160, '108.80', '112.00', '2', '4', 'matematik', 'ayt', '2021', 'deneme', 'https://www.kitapsec.com/Products/2021-AYT-Matematik-10-lu-Simulasyon-Denemeleri-Tamami-Video-Cozumlu-3D-Yayinlari-682411.html', 'https://cdn.kitapsec.com/image/urun/2021/03/23/1616483481.gif') 
 
DEBUG:
('2021 AYT Matematik 15 Li Deneme Süpervizör Yayınları', 'Süpervizör Yayınları', None, '63.75', '75.00', None, '0', 'matematik', 'ayt', '2021', 'deneme', 'https://www.kitapsec.com/Products/2021-AYT-Matematik-15-Li-Deneme-Supervizor-Yayinlari-679957.html', 'https://cdn.kitapsec.com/image/urun/2021/03/09/1615298744.gif') 
 
DEBUG:
('2021 AYT Matematik 15 Li Deneme Süpervizör Yayınları', 'Süpervizör Yayınları', None, '63.75', '75.00', '6', '4', 'matematik', 'ayt', '2021', 'deneme', 'https://www.kitapsec.com/Products/2021-AYT-Matematik-15-Li-Deneme-Supervizor-Yayinlari-598652.html', 'https://cdn.kitapsec.com/image/urun/2021/03/09/1615298744.gif') 
 
DEBUG:
('2021 AYT Matematik 15 Li Deneme Süpervizör Yayınları', 'Süpervizör Yayınları', None, '79.99', '100.00', None, '0', 'matematik', 'ayt', '2021', 'deneme', 'https://www.kitapsec.com/Products/2021-AYT-Matematik-15-Li-Deneme-Supervizor-Yayinlari-775234.html', 'https://cdn.kitapsec.com/image/urun/2021/03/09/1615298744.gif') 
 
DEBUG:
('2021 AYT Matematik Denemeleri Limit Yayınları', 'Limit Yayınları', 160, '69.99', '100.00', '1', '4', 'matematik', 'ayt', '2021', 'deneme', 'https://www.kitapsec.com/Products/2021-AYT-Matematik-Denemeleri-Limit-Yayinlari-775409.html', 'https://cdn.kitapsec.com/image/urun/2021/05/04/1620108108.jpg') 
 
DEBUG:
('2021 AYT Tıpkı Basım Deneme Kitapçığı A Yayınları', 'A Yayınları', 40, '13.00', '18.00', '92', '4', 'genel', 'ayt', '2021', 'deneme', 'https://www.kitapsec.com/Products/2021-AYT-Tipki-Basim-Deneme-Kitapcigi-A-Yayinlari-720732.html', 'https://cdn.kitapsec.com/image/urun/2021/10/12/1634046370.jpg') 
 
DEBUG:
('2021 AYT Yeni Nesil Kolaydan Zora 11x24 Türk Dili ve Edebiyatı Kuşak Deneme Marka Yayınları', 'Marka Yayınları', None, '28.90', '35.00', '2', '4', 'edebiyat', 'ayt', '2021', 'deneme', 'https://www.kitapsec.com/Products/2021-AYT-Yeni-Nesil-Kolaydan-Zora-11x24-Turk-Dili-ve-Edebiyati-Kusak-Deneme-Marka-Yayinlari-734302.html', 'https://cdn.kitapsec.com/image/urun/mid-4906406/2022/04/24/urun-foto-1650794392.jpg') 
 
DEBUG:
('2021 AYT Şöhretler Karması Türk Dili ve Edebiyatı 20 Deneme KR Akademi Yayınları', 'Kr Akademi Yayınları', 128, '50.00', '51.00', None, '0', 'edebiyat', 'ayt', '2021', 'deneme', 'https://www.kitapsec.com/Products/2021-AYT-Sohretler-Karmasi-Turk-Dili-ve-Edebiyati-20-Deneme-KR-Akademi-Yayinlari-833248.html', 'https://cdn.kitapsec.com/image/urun/2021/03/25/1616672953.gif') 
 
DEBUG:
('2021 Aşkla Coğrafya 32 Çözümlü Sınavı Dizgi Kitap', 'Dizgi Kitap', 165, '45.00', '50.00', '2', '4', 'coğrafya', 'lise', '2021', 'diğer', 'https://www.kitapsec.com/Products/2021-Askla-Cografya-32-Cozumlu-Sinavi-Dizgi-Kitap-724301.html', 'https://cdn.kitapsec.com/image/urun/2021/05/28/1622210851.jpg') 
 
DEBUG:
('2021 MSÜ Tıpkı Basım Deneme Sınavı A Yayınları', 'A Yayınları', 40, '15.00', '18.00', '50', '4', 'genel', 'lise', '2021', 'deneme', 'https://www.kitapsec.com/Products/2021-MSU-Tipki-Basim-Deneme-Sinavi-A-Yayinlari-694235.html', 'https://cdn.kitapsec.com/image/urun/mid-4906406/2022/01/12/urun-foto-1641980522.png') 
 
DEBUG:
('2021 Sıfırdan Sonsuza Paragraf (Video Çözümlü) Doktrin Yayınları', 'Doktrin Yayınları', 264, '129.00', '129.00', '3', '4', 'türkçe', 'tyt', '2021', 'diğer', 'https://www.kitapsec.com/Products/2021-Sifirdan-Sonsuza-Paragraf-Video-Cozumlu-Doktrin-Yayinlari-700346.html', 'https://cdn.kitapsec.com/image/urun/2021/03/16/1615897148.jpg') 
 
DEBUG:
('2021 Sıfırdan Sonsuza TYT 7 li Deneme (Optik Okumalı ve Video Çözümlü) Doktrin Yayınları', 'Doktrin Yayınları', 224, '120.00', '120.00', None, '0', 'genel', 'tyt', '2021', 'deneme', 'https://www.kitapsec.com/Products/2021-Sifirdan-Sonsuza-TYT-7-li-Deneme-Optik-Okumali-ve-Video-Cozumlu-Doktrin-Yayinlari-616007.html', 'https://cdn.kitapsec.com/image/urun/2021/03/25/1616663726.gif') 
 
DEBUG:
('2021 Sıfırdan Sonsuza TYT 7 li Deneme (Optik Okumalı ve Video Çözümlü) Doktrin Yayınları', 'Doktrin Yayınları', 224, '89.10', '99.00', '2', '4', 'genel', 'tyt', '2021', 'deneme', 'https://www.kitapsec.com/Products/2021-Sifirdan-Sonsuza-TYT-7-li-Deneme-Optik-Okumali-ve-Video-Cozumlu-Doktrin-Yayinlari-700365.html', 'https://cdn.kitapsec.com/image/urun/2021/03/25/1616663726.gif') 
 
DEBUG:
('2021 Tamtur TYT AYT Paragraf Fasikülü A yayınları', 'A Yayınları', 192, '46.95', '50.00', None, '0', 'türkçe', 'lise', '2021', 'diğer', 'https://www.kitapsec.com/Products/2021-Tamtur-TYT-AYT-Paragraf-Fasikulu-A-yayinlari-752441.html', 'https://cdn.kitapsec.com/image/urun/2020/07/04/1593844344.jpg') 
 
DEBUG:
('2021 Tamtur TYT Problemler Fasikülü A Yayınları', 'A Yayınları', 152, '59.00', '59.00', None, '0', 'matematik', 'tyt', '2021', 'diğer', 'https://www.kitapsec.com/Products/2021-Tamtur-TYT-Problemler-Fasikulu-A-Yayinlari-829644.html', 'https://cdn.kitapsec.com/image/urun/2020/07/04/1593844404.jpg') 
 
DEBUG:
('2021 Tamtur TYT Problemler Fasikülü A Yayınları', 'A Yayınları', 152, '45.90', '60.50', '9', '4', 'matematik', 'tyt', '2021', 'diğer', 'https://www.kitapsec.com/Products/2021-Tamtur-TYT-Problemler-Fasikulu-A-Yayinlari-720086.html', 'https://cdn.kitapsec.com/image/urun/2020/07/04/1593844404.jpg') 
 
DEBUG:
('2021 Tamtur TYT Problemler Fasikülü A Yayınları', 'A Yayınları', 152, '46.95', '50.00', None, '0', 'matematik', 'tyt', '2021', 'diğer', 'https://www.kitapsec.com/Products/2021-Tamtur-TYT-Problemler-Fasikulu-A-Yayinlari-752440.html', 'https://cdn.kitapsec.com/image/urun/2020/07/04/1593844404.jpg') 
 
DEBUG:
('2021 Tamtur TYT Sayılar Fasikülü A yayınları', 'A Yayınları', 232, '25.00', '32.00', '1', '4', 'genel', 'tyt', '2021', 'diğer', 'https://www.kitapsec.com/Products/2021-Tamtur-TYT-Sayilar-Fasikulu-A-yayinlari-720087.html', 'https://cdn.kitapsec.com/image/urun/2020/07/04/1593844278.jpg') 
 
DEBUG:
('2021 Tamtur TYT Sayılar Fasikülü A yayınları', 'A Yayınları', 232, '49.00', '49.00', None, '0', 'genel', 'tyt', '2021', 'diğer', 'https://www.kitapsec.com/Products/2021-Tamtur-TYT-Sayilar-Fasikulu-A-yayinlari-739709.html', 'https://cdn.kitapsec.com/image/urun/2020/07/04/1593844278.jpg') 
 
DEBUG:
('2021 Türkiye Geneli Çıkmış Sorular Denemesi 3 lü Set A Yayınları', 'A Yayınları', None, '45.90', '45.90', None, '0', 'genel', 'lise', '2021', 'deneme', 'https://www.kitapsec.com/Products/2021-Turkiye-Geneli-Cikmis-Sorular-Denemesi-3-lu-Set-A-Yayinlari-686781.html', 'https://cdn.kitapsec.com/image/urun/2021/03/13/1615621981.gif') 
 
DEBUG:
('2021 TYT Atıştırmalık Fizik Soru Bankası Doktrin Yayınları', 'Doktrin Yayınları', 256, '99.00', '110.00', '1', '4', 'fizik', 'tyt', '2021', 'soru bankası', 'https://www.kitapsec.com/Products/2021-TYT-Atistirmalik-Fizik-Soru-Bankasi-Doktrin-Yayinlari-702790.html', 'https://cdn.kitapsec.com/image/urun/2020/09/18/1600440864.jpg') 
 
DEBUG:
('2021 TYT Fizik Konu Özetli Soru Kitabı Nihat Bilgin Yayınları', 'Nihat Bilgin Yayıncılık', 296, '129.00', '150.00', '1', '4', 'fizik', 'tyt', '2021', 'soru bankası', 'https://www.kitapsec.com/Products/2021-TYT-Fizik-Konu-Ozetli-Soru-Kitabi-Nihat-Bilgin-Yayinlari-804163.html', 'https://cdn.kitapsec.com/image/urun/2020/08/20/1597897893.jpg') 
 
DEBUG:
('2021 TYT Geometri Bomba Yeni Nesil Soru Bankası Doktrin Yayınları', 'Doktrin Yayınları', 176, '90.00', '99.00', None, '0', 'matematik', 'tyt', '2021', 'soru bankası', 'https://www.kitapsec.com/Products/2021-TYT-Geometri-Bomba-Yeni-Nesil-Soru-Bankasi-Doktrin-Yayinlari-598636.html', 'https://cdn.kitapsec.com/image/urun/2020/10/03/1601722492.jpg') 
 
DEBUG:
('2021 TYT Geometri Bomba Yeni Nesil Soru Bankası Doktrin Yayınları', 'Doktrin Yayınları', 176, '89.10', '99.00', '2', '5', 'matematik', 'tyt', '2021', 'soru bankası', 'https://www.kitapsec.com/Products/2021-TYT-Geometri-Bomba-Yeni-Nesil-Soru-Bankasi-Doktrin-Yayinlari-700344.html', 'https://cdn.kitapsec.com/image/urun/2020/10/03/1601722492.jpg') 
 
DEBUG:
('2021 TYT Matematik Soru Bankası Kitap Vadisi Yayınları', 'Kitap Vadisi Yayınları - Sınav Kitapları', 320, '55.00', '89.00', None, '0', 'matematik', 'tyt', '2021', 'soru bankası', 'https://www.kitapsec.com/Products/2021-TYT-Matematik-Soru-Bankasi-Kitap-Vadisi-Yayinlari-823503.html', 'https://cdn.kitapsec.com/image/urun/2021/02/20/1613804595.jpg') 
 
DEBUG:
('2021 TYT Mega Karma 4 lü Deneme Gezegen Yayınları', 'Gezegen Yayıncılık', None, '70.00', '85.50', None, '0', 'genel', 'tyt', '2021', 'deneme', 'https://www.kitapsec.com/Products/2021-TYT-Mega-Karma-4-lu-Deneme-Gezegen-Yayinlari-799267.html', 'https://cdn.kitapsec.com/image/urun/2021/04/21/1618965518.jpg') 
 
DEBUG:
('2021 TYT Mega Karma 4 lü Deneme Gezegen Yayınları', 'Gezegen Yayıncılık', None, '42.50', '50.00', None, '0', 'genel', 'tyt', '2021', 'deneme', 'https://www.kitapsec.com/Products/2021-TYT-Mega-Karma-4-lu-Deneme-Gezegen-Yayinlari-682440.html', 'https://cdn.kitapsec.com/image/urun/2021/04/21/1618965518.jpg') 
 
DEBUG:
('2021 TYT Son 10 Yılın Çıkmış Sorularından Deneme A Yayınları', 'A Yayınları', None, '15.00', '18.00', '29', '4', 'genel', 'tyt', '2021', 'deneme', 'https://www.kitapsec.com/Products/2021-TYT-Son-10-Yilin-Cikmis-Sorularindan-Deneme-A-Yayinlari-694254.html', 'https://cdn.kitapsec.com/image/urun/2021/12/27/1640596770.jpg') 
 
DEBUG:
('2021 TYT Sosyal Bilimler 20x20 Deneme Video Çözümlü Doktrin Yayınları', 'Doktrin Yayınları', 120, '71.10', '79.00', None, '0', 'sosyal', 'tyt', '2021', 'deneme', 'https://www.kitapsec.com/Products/2021-TYT-Sosyal-Bilimler-20x20-Deneme-Video-Cozumlu-Doktrin-Yayinlari-700360.html', 'https://cdn.kitapsec.com/image/urun/2020/12/29/1609222252.jpg') 
 
DEBUG:
('2021 TYT Sosyal Bilimler 20x20 Deneme Video Çözümlü Doktrin Yayınları', 'Doktrin Yayınları', 120, '90.00', '110.00', '2', '4', 'sosyal', 'tyt', '2021', 'deneme', 'https://www.kitapsec.com/Products/2021-TYT-Sosyal-Bilimler-20x20-Deneme-Video-Cozumlu-Doktrin-Yayinlari-616010.html', 'https://cdn.kitapsec.com/image/urun/2020/12/29/1609222252.jpg') 
 
DEBUG:
('2021 TYT Sıfırdan Sonsuza Fizik Soru Bankası Doktrin Yayınları', 'Doktrin Yayınları', 270, '116.10', '129.00', '9', '5', 'fizik', 'tyt', '2021', 'soru bankası', 'https://www.kitapsec.com/Products/2021-TYT-Sifirdan-Sonsuza-Fizik-Soru-Bankasi-Doktrin-Yayinlari-700348.html', 'https://cdn.kitapsec.com/image/urun/2020/08/26/1598453010.jpg') 
 
DEBUG:
('2021 TYT Sıfırdan Sonsuza Kimya Soru Bankası Doktrin Yayınları', 'Doktrin Yayınları', 227, '107.10', '119.00', '2', '4', 'kimya', 'tyt', '2021', 'soru bankası', 'https://www.kitapsec.com/Products/2021-TYT-Sifirdan-Sonsuza-Kimya-Soru-Bankasi-Doktrin-Yayinlari-700350.html', 'https://cdn.kitapsec.com/image/urun/2020/08/26/1598452705.jpg') 
 
DEBUG:
('2021 TYT Sıfırdan Sonsuza Problemler Konu Özetli Soru Bankası Doktrin Yayınları', 'Doktrin Yayınları', 272, '134.10', '149.00', '17', '4', 'matematik', 'tyt', '2021', 'soru bankası', 'https://www.kitapsec.com/Products/2021-TYT-Sifirdan-Sonsuza-Problemler-Konu-Ozetli-Soru-Bankasi-Doktrin-Yayinlari-700340.html', 'https://cdn.kitapsec.com/image/urun/2020/08/27/1598508742.jpg') 
 
DEBUG:
('2021 TYT Sıfırdan Sonsuza Yeni Nesil Tarih Soru Bankası Doktrin Yayınları', 'Doktrin Yayınları', 320, '110.00', '129.00', '3', '4', 'tarih', 'tyt', '2021', 'soru bankası', 'https://www.kitapsec.com/Products/2021-TYT-Sifirdan-Sonsuza-Yeni-Nesil-Tarih-Soru-Bankasi-Doktrin-Yayinlari-598638.html', 'https://cdn.kitapsec.com/image/urun/2020/08/27/1598509539.jpg') 
 
DEBUG:
('2021 TYT Sıfırdan Sonsuza Yeni Nesil Tarih Soru Bankası Doktrin Yayınları', 'Doktrin Yayınları', 320, '116.10', '129.00', '1', '4', 'tarih', 'tyt', '2021', 'soru bankası', 'https://www.kitapsec.com/Products/2021-TYT-Sifirdan-Sonsuza-Yeni-Nesil-Tarih-Soru-Bankasi-Doktrin-Yayinlari-700352.html', 'https://cdn.kitapsec.com/image/urun/2020/08/27/1598509539.jpg') 
 
DEBUG:
('2021 TYT Tam Tekrar Eşit Ağırlık 81 Fasikül Tandem Yayınları', 'Tandem Yayınları', None, '98.00', '140.00', None, '0', 'genel', 'tyt', '2021', 'diğer', 'https://www.kitapsec.com/Products/2021-TYT-Tam-Tekrar-Esit-Agirlik-81-Fasikul-Tandem-Yayinlari-797864.html', 'https://cdn.kitapsec.com/image/urun/2021/05/01/1619849205.jpg') 
 
DEBUG:
('2021 TYT Tam Tekrar Sayısal 81 Fasikül Tandem Yayınları', 'Tandem Yayınları', None, '98.00', '140.00', None, '0', 'sayısal', 'tyt', '2021', 'diğer', 'https://www.kitapsec.com/Products/2021-TYT-Tam-Tekrar-Sayisal-81-Fasikul-Tandem-Yayinlari-797892.html', 'https://cdn.kitapsec.com/image/urun/2021/05/01/1619848683.jpg') 
 
DEBUG:
('2021 TYT Tamamı Çözümlü 5 Deneme Derece Yayınları', 'Derece Yayınları', 39, '99.94', '99.94', '3', '4', 'genel', 'tyt', '2021', 'deneme', 'https://www.kitapsec.com/Products/2021-TYT-Tamami-Cozumlu-5-Deneme-Derece-Yayinlari-694138.html', 'https://cdn.kitapsec.com/image/urun/2021/03/08/1615195677.gif') 
 
DEBUG:
('2021 TYT Türkçe Konu Anlatımı Platanus Publishing', 'Platanus Publishing', 315, '90.75', '121.00', '4', '4', 'türkçe', 'tyt', '2021', 'diğer', 'https://www.kitapsec.com/Products/2021-TYT-Turkce-Konu-Anlatimi-Platanus-Publishing-592118.html', 'https://cdn.kitapsec.com/image/urun/2021/05/01/1619850071.jpg') 
 
DEBUG:
('2021 YKS TYT Dil Bilgisi Kuşak 20x12 Denemeleri Marka Yayınları', 'Marka Yayınları', None, '28.90', '35.00', '1', '4', 'türkçe', 'tyt', '2021', 'deneme', 'https://www.kitapsec.com/Products/2021-YKS-TYT-Dil-Bilgisi-Kusak-20x12-Denemeleri-Marka-Yayinlari-752431.html', 'https://cdn.kitapsec.com/image/urun/mid-2734379/2021/11/03/urun-foto-1635938598.jpg') 
 
DEBUG:
('2021 YKS TYT Youtube Hocam Kimya Soru Bankası Marka Yayınları', 'Marka Yayınları', None, '14.00', '34.90', '2', '4', 'kimya', 'tyt', '2021', 'soru bankası', 'https://www.kitapsec.com/Products/2021-YKS-TYT-Youtube-Hocam-Kimya-Soru-Bankasi-Marka-Yayinlari-781560.html', 'https://cdn.kitapsec.com/image/urun/mid-2734379/2021/11/01/urun-foto-1635773284.jpg') 
 
DEBUG:
('2021 YKS TYT Youtube Hocam Kimya Soru Bankası Marka Yayınları', 'Marka Yayınları', 168, '24.90', '24.90', '177', '5', 'kimya', 'tyt', '2021', 'soru bankası', 'https://www.kitapsec.com/Products/2021-YKS-TYT-Youtube-Hocam-Kimya-Soru-Bankasi-Marka-Yayinlari-635131.html', 'https://cdn.kitapsec.com/image/urun/mid-2734379/2021/11/01/urun-foto-1635773284.jpg') 
 
DEBUG:
('2021 Üniversiteli İsem Yeni Nesil TYT Matematik Soru Bankası İsem Yayıncılık', 'İsem Kitap', 352, '59.00', '69.00', '1', '4', 'matematik', 'tyt', '2021', 'soru bankası', 'https://www.kitapsec.com/Products/2021-Universiteli-Isem-Yeni-Nesil-TYT-Matematik-Soru-Bankasi-Isem-Yayincilik-802758.html', 'https://cdn.kitapsec.com/image/urun/2021/01/02/1609575942.jpg') 
 
DEBUG:
('2021 Üniversiteli İsem Yeni Nesil TYT Matematik Soru Bankası İsem Yayıncılık', 'İsem Kitap', 352, '59.00', '69.00', '1', '4', 'matematik', 'tyt', '2021', 'soru bankası', 'https://www.kitapsec.com/Products/2021-Universiteli-Isem-Yeni-Nesil-TYT-Matematik-Soru-Bankasi-Isem-Yayincilik-816634.html', 'https://cdn.kitapsec.com/image/urun/2021/01/02/1609575942.jpg') 
 
DEBUG:
('2021-2022 Model TYT Fizik 45 Deneme KöşeBilgi Yayınları', 'Köşebilgi Yayınları', 135, '89.10', '99.00', None, '0', 'fizik', 'tyt', '2022', 'deneme', 'https://www.kitapsec.com/Products/2021-2022-Model-TYT-Fizik-45-Deneme-KoseBilgi-Yayinlari-723346.html', 'https://cdn.kitapsec.com/image/urun/2021/02/24/1614171293.jpg') 
 
DEBUG:
('2021-2022 Model TYT Kimya 45 Deneme KöşeBilgi Yayınları', 'Köşebilgi Yayınları', 135, '89.10', '99.00', None, '0', 'kimya', 'tyt', '2022', 'deneme', 'https://www.kitapsec.com/Products/2021-2022-Model-TYT-Kimya-45-Deneme-KoseBilgi-Yayinlari-723349.html', 'https://cdn.kitapsec.com/image/urun/2021/02/24/1614171042.jpg') 
 
DEBUG:
('2022  TYT AYT Din Kültürü ve Ahlak Bilgisi Video Ders Defteri Benim Hocam Yayınları', 'Benim Hocam Yayınları', 176, '56.00', '64.00', '1', '4', 'din', 'lise', '2022', 'diğer', 'https://www.kitapsec.com/Products/2022-TYT-AYT-Din-Kulturu-ve-Ahlak-Bilgisi-Video-Ders-Defteri-Benim-Hocam-Yayinlari-718792.html', 'https://cdn.kitapsec.com/image/urun/2021/07/10/1625902088.jpg') 
 
DEBUG:
('2022  TYT AYT Din Kültürü ve Ahlak Bilgisi Video Ders Defteri Benim Hocam Yayınları', 'Benim Hocam Yayınları', 176, '55.00', '64.00', None, '0', 'din', 'lise', '2022', 'diğer', 'https://www.kitapsec.com/Products/2022-TYT-AYT-Din-Kulturu-ve-Ahlak-Bilgisi-Video-Ders-Defteri-Benim-Hocam-Yayinlari-826113.html', 'https://cdn.kitapsec.com/image/urun/2021/07/10/1625902088.jpg') 
 
DEBUG:
('2022 %100 Yeni Nesil Türkçe Soru Bankası Fragman Yayınları', 'Fragman Yayınları', 120, '84.79', '84.79', '1', '5', 'türkçe', 'lise', '2022', 'soru bankası', 'https://www.kitapsec.com/Products/2022-100-Yeni-Nesil-Turkce-Soru-Bankasi-Fragman-Yayinlari-691949.html', 'https://cdn.kitapsec.com/image/urun/2020/12/03/1607006173.jpg') 
 
DEBUG:
('2022 Altın Karma 2021 TYT Matematik Konu Konu Çıkmış Sorular (Kolay-Orta-Zor)', 'Altın Karma', 288, '157.00', '175.00', '2', '4', 'matematik', 'tyt', '2022', 'diğer', 'https://www.kitapsec.com/Products/2022-Altin-Karma-2021-TYT-Matematik-Konu-Konu-Cikmis-Sorular-Kolay-Orta-Zor-703865.html', 'https://cdn.kitapsec.com/image/urun/2019/09/26/1569510393.jpg') 
 
DEBUG:
('2022 AYT  Üniversitenin Anahtarı 5`li Karma Deneme Ankara Kariyer Akademi', 'Ankara Kariyer Yayınları', None, '75.70', '75.70', None, '0', 'genel', 'ayt', '2022', 'deneme', 'https://www.kitapsec.com/Products/2022-AYT-Universitenin-Anahtari-5li-Karma-Deneme-Ankara-Kariyer-Akademi-730414.html', 'https://cdn.kitapsec.com/image/urun/mid-4550215/2022/01/25/urun-foto-1643103713.jpeg') 
 
DEBUG:
('2022 AYT 3D Coğrafya Tamamı Video Çözümlü Soru Bankası 3D Yayınları', '3d Yayınları', 224, '171.00', '190.00', None, '0', 'coğrafya', 'ayt', '2022', 'soru bankası', 'https://www.kitapsec.com/Products/2022-AYT-3D-Cografya-Tamami-Video-Cozumlu-Soru-Bankasi-3D-Yayinlari-695851.html', 'https://cdn.kitapsec.com/image/urun/2021/08/13/1628842695.jpg') 
 
DEBUG:
('2022 AYT 3D Edebiyat Tamamı Video Çözümlü Soru Bankası 3D Yayınları', '3d Yayınları', 304, '199.75', '238.00', None, '0', 'edebiyat', 'ayt', '2022', 'soru bankası', 'https://www.kitapsec.com/Products/2022-AYT-3D-Edebiyat-Tamami-Video-Cozumlu-Soru-Bankasi-3D-Yayinlari-751902.html', 'https://cdn.kitapsec.com/image/urun/2021/09/20/1632144487.jpg') 
 
DEBUG:
('2022 AYT 3D Edebiyat Tamamı Video Çözümlü Soru Bankası 3D Yayınları', '3d Yayınları', 304, '154.80', '172.00', None, '0', 'edebiyat', 'ayt', '2022', 'soru bankası', 'https://www.kitapsec.com/Products/2022-AYT-3D-Edebiyat-Tamami-Video-Cozumlu-Soru-Bankasi-3D-Yayinlari-748011.html', 'https://cdn.kitapsec.com/image/urun/2021/09/20/1632144487.jpg') 
 
DEBUG:
('2022 AYT 3D Edebiyat Tamamı Video Çözümlü Soru Bankası 3D Yayınları', '3d Yayınları', 304, '139.00', '172.00', None, '0', 'edebiyat', 'ayt', '2022', 'soru bankası', 'https://www.kitapsec.com/Products/2022-AYT-3D-Edebiyat-Tamami-Video-Cozumlu-Soru-Bankasi-3D-Yayinlari-839517.html', 'https://cdn.kitapsec.com/image/urun/2021/09/20/1632144487.jpg') 
 
DEBUG:
('2022 AYT 3D Kimya Tamamı Video Çözümlü Soru Bankası 3D Yayınları', '3d Yayınları', 288, '145.00', '164.00', '4', '4', 'kimya', 'ayt', '2022', 'soru bankası', 'https://www.kitapsec.com/Products/2022-AYT-3D-Kimya-Tamami-Video-Cozumlu-Soru-Bankasi-3D-Yayinlari-695840.html', 'https://cdn.kitapsec.com/image/urun/2021/08/13/1628845677.jpg') 
 
DEBUG:
('2022 AYT 3D Kimya Tamamı Video Çözümlü Soru Bankası 3D Yayınları', '3d Yayınları', 288, '194.48', '226.00', '1', '4', 'kimya', 'ayt', '2022', 'soru bankası', 'https://www.kitapsec.com/Products/2022-AYT-3D-Kimya-Tamami-Video-Cozumlu-Soru-Bankasi-3D-Yayinlari-751883.html', 'https://cdn.kitapsec.com/image/urun/2021/08/13/1628845677.jpg') 
 
DEBUG:
('2022 AYT 3D Matematik Soru Bankası ve YEKTUĞ MAT 8 x12 Problem Denemesi', '3d Yayınları', None, '249.80', '270.00', '12', '4', 'matematik', 'ayt', '2022', 'soru bankası', 'https://www.kitapsec.com/Products/2022-AYT-3D-Matematik-Soru-Bankasi-ve-YEKTUG-MAT-8-x12-Problem-Denemesi-686491.html', 'https://cdn.kitapsec.com/image/urun/mid-4471191/2021/12/26/urun-foto-1640466871.png') 
 
DEBUG:
('2022 AYT 3D Matematik Tamamı Video Çözümlü Soru Bankası 3D Yayınları', '3d Yayınları', 272, '199.75', '238.00', '1', '4', 'matematik', 'ayt', '2022', 'soru bankası', 'https://www.kitapsec.com/Products/2022-AYT-3D-Matematik-Tamami-Video-Cozumlu-Soru-Bankasi-3D-Yayinlari-751886.html', 'https://cdn.kitapsec.com/image/urun/2021/08/13/1628846109.jpg') 
 
DEBUG:
('2022 AYT 3D Matematik Tamamı Video Çözümlü Soru Bankası 3D Yayınları', '3d Yayınları', 272, '190.00', '238.00', '7', '4', 'matematik', 'ayt', '2022', 'soru bankası', 'https://www.kitapsec.com/Products/2022-AYT-3D-Matematik-Tamami-Video-Cozumlu-Soru-Bankasi-3D-Yayinlari-695859.html', 'https://cdn.kitapsec.com/image/urun/2021/08/13/1628846109.jpg') 
 
DEBUG:
('2022 AYT 3D Organik Kimya Detaylı Video Çözümlü Soru Bankası 3D Yayınları', '3d Yayınları', 208, '124.00', '138.00', '2', '4', 'kimya', 'ayt', '2022', 'soru bankası', 'https://www.kitapsec.com/Products/2022-AYT-3D-Organik-Kimya-Detayli-Video-Cozumlu-Soru-Bankasi-3D-Yayinlari-703909.html', 'https://cdn.kitapsec.com/image/urun/2021/11/18/1637239857.jpg') 
 
DEBUG:
('2022 AYT 3D Organik Kimya Detaylı Video Çözümlü Soru Bankası 3D Yayınları', '3d Yayınları', 208, '149.40', '166.00', None, '0', 'kimya', 'ayt', '2022', 'soru bankası', 'https://www.kitapsec.com/Products/2022-AYT-3D-Organik-Kimya-Detayli-Video-Cozumlu-Soru-Bankasi-3D-Yayinlari-673733.html', 'https://cdn.kitapsec.com/image/urun/2021/11/18/1637239857.jpg') 
 
DEBUG:
('2022 AYT 3D Organik Kimya Detaylı Video Çözümlü Soru Bankası 3D Yayınları', '3d Yayınları', 208, '149.40', '166.00', None, '0', 'kimya', 'ayt', '2022', 'soru bankası', 'https://www.kitapsec.com/Products/2022-AYT-3D-Organik-Kimya-Detayli-Video-Cozumlu-Soru-Bankasi-3D-Yayinlari-755673.html', 'https://cdn.kitapsec.com/image/urun/2021/11/18/1637239857.jpg') 
 
DEBUG:
('2022 AYT 3D Soru Bankası Edebiyat Tarih Coğrafya 3D Yayınları', '3d Yayınları', None, '585.90', '651.00', '1', '4', 'sosyal', 'ayt', '2022', 'soru bankası', 'https://www.kitapsec.com/Products/2022-AYT-3D-Soru-Bankasi-Edebiyat-Tarih-Cografya-3D-Yayinlari-818477.html', 'https://cdn.kitapsec.com/image/urun/mid-4474621/2021/04/28/urun-foto-1619600627.png') 
 
DEBUG:
('2022 AYT 5 Li Gelişim İzleme Deneme Sınav Seti Özdebir Yayınları', 'Özdebir Yayınları', None, '175.00', '175.00', None, '0', 'genel', 'ayt', '2022', 'deneme', 'https://www.kitapsec.com/Products/2022-AYT-5-Li-Gelisim-Izleme-Deneme-Sinav-Seti-Ozdebir-Yayinlari-799248.html', 'https://cdn.kitapsec.com/image/urun/2022/03/07/1646648698.jpg') 
 
DEBUG:
('2022 AYT 7 Günde Biyoloji Kampı Benim Hocam Yayınları', 'Benim Hocam Yayınları', 96, '94.89', '99.00', '1', '4', 'biyoloji', 'ayt', '2022', 'diğer', 'https://www.kitapsec.com/Products/2022-AYT-7-Gunde-Biyoloji-Kampi-Benim-Hocam-Yayinlari-746067.html', 'https://cdn.kitapsec.com/image/urun/2022/05/23/1653306401.jpg') 
 
DEBUG:
('2022 AYT Biyoloji 8 Deneme Tamamı Video Çözümlü Marka Yayınları', 'Marka Yayınları', None, '14.75', '15.00', '31', '5', 'biyoloji', 'ayt', '2022', 'deneme', 'https://www.kitapsec.com/Products/2022-AYT-Biyoloji-8-Deneme-Tamami-Video-Cozumlu-Marka-Yayinlari-734334.html', 'https://cdn.kitapsec.com/image/urun/mid-4906406/2022/04/24/urun-foto-1650795642.jpg') 
 
DEBUG:
('2022 AYT Biyoloji denemeleri Nego Yayınları', 'Nego Yayınları', None, '39.00', '54.00', None, '0', 'biyoloji', 'ayt', '2022', 'deneme', 'https://www.kitapsec.com/Products/2022-AYT-Biyoloji-denemeleri-Nego-Yayinlari-747374.html', 'https://cdn.kitapsec.com/image/urun/mid-4550215/2022/06/03/urun-foto-1654260254.jpg') 
 
DEBUG:
('2022 AYT Biyoloji Extra Soru Bankası Kafadengi yayınları', 'Kafadengi Yayınları', 320, '224.00', '299.00', '1', '4', 'biyoloji', 'ayt', '2022', 'soru bankası', 'https://www.kitapsec.com/Products/2022-AYT-Biyoloji-Extra-Soru-Bankasi-Kafadengi-yayinlari-839023.html', 'https://cdn.kitapsec.com/image/urun/mid-4556371/2022/08/31/urun-foto-1661972315.png') 
 
DEBUG:
('2022 AYT Biyoloji Extra Soru Bankası Kafadengi yayınları', 'Kafadengi Yayınları', 320, '255.00', '299.00', '30', '4', 'biyoloji', 'ayt', '2022', 'soru bankası', 'https://www.kitapsec.com/Products/2022-AYT-Biyoloji-Extra-Soru-Bankasi-Kafadengi-yayinlari-600758.html', 'https://cdn.kitapsec.com/image/urun/mid-4556371/2022/08/31/urun-foto-1661972315.png') 
 
DEBUG:
('2022 AYT Biyoloji Provası 20x13 Deneme Nitelik Yayınları', 'Nitelik Yayınları', 96, '58.00', '65.00', None, '0', 'biyoloji', 'ayt', '2022', 'deneme', 'https://www.kitapsec.com/Products/2022-AYT-Biyoloji-Provasi-20x13-Deneme-Nitelik-Yayinlari-830723.html', 'https://cdn.kitapsec.com/image/urun/2022/04/11/1649673165.jpg') 
 
DEBUG:
('2022 AYT Biyoloji Provası 20x13 Deneme Nitelik Yayınları', 'Nitelik Yayınları', 96, '49.90', '65.00', None, '0', 'biyoloji', 'ayt', '2022', 'deneme', 'https://www.kitapsec.com/Products/2022-AYT-Biyoloji-Provasi-20x13-Deneme-Nitelik-Yayinlari-829050.html', 'https://cdn.kitapsec.com/image/urun/2022/04/11/1649673165.jpg') 
 
DEBUG:
('2022 AYT Biyoloji Simülasyon Denemeleri Detaylı Video Çözümlü 3D Yayınları', '3d Yayınları', 96, '61.20', '68.00', None, '0', 'biyoloji', 'ayt', '2022', 'deneme', 'https://www.kitapsec.com/Products/2022-AYT-Biyoloji-Simulasyon-Denemeleri-Detayli-Video-Cozumlu-3D-Yayinlari-748023.html', 'https://cdn.kitapsec.com/image/urun/2022/03/14/1647253566.jpg') 
 
DEBUG:
('2022 AYT Biyoloji Soru Bankası Benim Hocam Yayınları', 'Benim Hocam Yayınları', 256, '79.00', '99.00', None, '0', 'biyoloji', 'ayt', '2022', 'soru bankası', 'https://www.kitapsec.com/Products/2022-AYT-Biyoloji-Soru-Bankasi-Benim-Hocam-Yayinlari-719058.html', 'https://cdn.kitapsec.com/image/urun/2021/07/31/1627734988.jpg') 
 
DEBUG:
('2022 AYT Biyoloji Soru Bankası Endemik Yayınları', 'Endemik Yayınları', 288, '155.70', '173.00', '2', '4', 'biyoloji', 'ayt', '2022', 'soru bankası', 'https://www.kitapsec.com/Products/2022-AYT-Biyoloji-Soru-Bankasi-Endemik-Yayinlari-690990.html', 'https://cdn.kitapsec.com/image/urun/2021/07/27/1627385451.jpg') 
 
DEBUG:
('2022 AYT Biyoloji Soru Bankası Endemik Yayınları', 'Endemik Yayınları', 288, '155.00', '173.00', None, '0', 'biyoloji', 'ayt', '2022', 'soru bankası', 'https://www.kitapsec.com/Products/2022-AYT-Biyoloji-Soru-Bankasi-Endemik-Yayinlari-704000.html', 'https://cdn.kitapsec.com/image/urun/2021/07/27/1627385451.jpg') 
 
DEBUG:
('2022 AYT Biyoloji Soru Bankası Endemik Yayınları', 'Endemik Yayınları', 288, '155.00', '173.00', None, '0', 'biyoloji', 'ayt', '2022', 'soru bankası', 'https://www.kitapsec.com/Products/2022-AYT-Biyoloji-Soru-Bankasi-Endemik-Yayinlari-832574.html', 'https://cdn.kitapsec.com/image/urun/2021/07/27/1627385451.jpg') 
 
DEBUG:
('2022 AYT Biyoloji Soru Bankası Nego Yayınları', 'Nego Yayınları', None, '48.60', '54.00', None, '0', 'biyoloji', 'ayt', '2022', 'soru bankası', 'https://www.kitapsec.com/Products/2022-AYT-Biyoloji-Soru-Bankasi-Nego-Yayinlari-802801.html', 'https://cdn.kitapsec.com/image/urun/2022/01/14/1642164055.jpg') 
 
DEBUG:
('2022 AYT Coğrafya Kolaydan Zora  21 Kuşak Deneme Tamamı Video Çözümlü Marka Yayınları', 'Marka Yayınları', 78, '28.90', '35.00', '1', '4', 'coğrafya', 'ayt', '2022', 'deneme', 'https://www.kitapsec.com/Products/2022-AYT-Cografya-Kolaydan-Zora-21-Kusak-Deneme-Tamami-Video-Cozumlu-Marka-Yayinlari-752456.html', 'https://cdn.kitapsec.com/image/urun/2022/05/07/1651926097.jpg') 
 
DEBUG:
('2022 AYT Coğrafya Sondaj Kamp Soru Bankası Yayın Denizi Pro Yayınları', 'Yayın Denizi Yayınları', 70, '38.25', '45.00', '11', '4', 'coğrafya', 'ayt', '2022', 'soru bankası', 'https://www.kitapsec.com/Products/2022-AYT-Cografya-Sondaj-Kamp-Soru-Bankasi-Yayin-Denizi-Pro-Yayinlari-735420.html', 'https://cdn.kitapsec.com/image/urun/2022/04/27/1651039827.jpg') 
 
DEBUG:
('2022 AYT Coğrafya Soru Bankası Benim Hocam Yayınları', 'Benim Hocam Yayınları', 208, '86.49', '86.49', '1', '4', 'coğrafya', 'ayt', '2022', 'soru bankası', 'https://www.kitapsec.com/Products/2022-AYT-Cografya-Soru-Bankasi-Benim-Hocam-Yayinlari-676614.html', 'https://cdn.kitapsec.com/image/urun/mid-2734379/2021/07/18/urun-foto-1626602956.jpg') 
 
DEBUG:
('2022 AYT Coğrafya Soru Bankası Endemik Yayınları', 'Endemik Yayınları', 192, '112.50', '125.00', None, '0', 'coğrafya', 'ayt', '2022', 'soru bankası', 'https://www.kitapsec.com/Products/2022-AYT-Cografya-Soru-Bankasi-Endemik-Yayinlari-832569.html', 'https://cdn.kitapsec.com/image/urun/2021/08/10/1628599906.jpg') 
 
DEBUG:
('2022 AYT Coğrafya Soru Bankası Endemik Yayınları', 'Endemik Yayınları', 192, '112.50', '125.00', '1', '4', 'coğrafya', 'ayt', '2022', 'soru bankası', 'https://www.kitapsec.com/Products/2022-AYT-Cografya-Soru-Bankasi-Endemik-Yayinlari-660185.html', 'https://cdn.kitapsec.com/image/urun/2021/08/10/1628599906.jpg') 
 
DEBUG:
('2022 AYT Coğrafya Soru Bankası Esen Yayınları', 'Esen Yayınları', 272, '264.00', '264.00', None, '0', 'coğrafya', 'ayt', '2022', 'soru bankası', 'https://www.kitapsec.com/Products/2022-AYT-Cografya-Soru-Bankasi-Esen-Yayinlari-749744.html', 'https://cdn.kitapsec.com/image/urun/2022/01/20/1642666388.jpg') 
 
DEBUG:
('2022 AYT Coğrafya Video Ders Defteri Benim Hocam Yayınları', 'Benim Hocam Yayınları', 256, '49.00', '99.00', '43', '4', 'coğrafya', 'ayt', '2022', 'diğer', 'https://www.kitapsec.com/Products/2022-AYT-Cografya-Video-Ders-Defteri-Benim-Hocam-Yayinlari-625105.html', 'https://cdn.kitapsec.com/image/urun/mid-2734379/2021/07/18/urun-foto-1626602750.jpg') 
 
DEBUG:
('2022 AYT Coğrafya Video Ders Defteri Benim Hocam Yayınları', 'Benim Hocam Yayınları', 256, '79.00', '99.00', None, '0', 'coğrafya', 'ayt', '2022', 'diğer', 'https://www.kitapsec.com/Products/2022-AYT-Cografya-Video-Ders-Defteri-Benim-Hocam-Yayinlari-723345.html', 'https://cdn.kitapsec.com/image/urun/2021/07/12/1626082046.jpg') 
 
DEBUG:
('2022 AYT Çıkmış Sorular Tıpkı Basım Kitapçığı KR Akademi Yayınları', 'Kr Akademi Yayınları', 32, '18.07', '26.00', '1', '4', 'genel', 'ayt', '2022', 'diğer', 'https://www.kitapsec.com/Products/2022-AYT-Cikmis-Sorular-Tipki-Basim-Kitapcigi-KR-Akademi-Yayinlari-247006.html', 'https://cdn.kitapsec.com/image/urun/2023/07/27/1690457036.png') 
 
DEBUG:
('2022 AYT Çıkmış Sorular Tıpkı Basım Kitapçığı KR Akademi Yayınları', 'Kr Akademi Yayınları', 32, '29.90', '29.90', '13', '4', 'genel', 'ayt', '2022', 'diğer', 'https://www.kitapsec.com/Products/2022-AYT-Cikmis-Sorular-Tipki-Basim-Kitapcigi-KR-Akademi-Yayinlari-788819.html', 'https://cdn.kitapsec.com/image/urun/mid-4474621/2022/11/23/urun-foto-1669205049.png') 
 
DEBUG:
('2022 AYT Edebiyat 8 Deneme Video Çözümlü Yıldız Sorular', 'Yıldız Sorular Yayınları', 64, '22.50', '25.00', None, '0', 'edebiyat', 'ayt', '2022', 'deneme', 'https://www.kitapsec.com/Products/2022-AYT-Edebiyat-8-Deneme-Video-Cozumlu-Yildiz-Sorular-833065.html', 'https://cdn.kitapsec.com/image/urun/2022/03/23/1648043429.jpg') 
 
DEBUG:
('2022 AYT Edebiyat Matematik Soru Bankası Çıkmış Sorular Seti AYT Deneme HEDİYELİ Benim Hocam Yayınları', 'Benim Hocam Yayınları', None, '358.39', '476.00', '3', '4', 'edebiyat', 'ayt', '2022', 'soru bankası', 'https://www.kitapsec.com/Products/2022-AYT-Edebiyat-Matematik-Soru-Bankasi-Cikmis-Sorular-Seti-AYT-Deneme-HEDIYELI-Benim-Hocam-Yayinlari-738903.html', 'https://cdn.kitapsec.com/image/urun/mid-4726997/2022/05/07/urun-foto-1651915767.png') 
 
DEBUG:
('2022 AYT Edebiyat Modüler Seti (2 Kitap + 20 Saatlik Özel Anlatım', 'Enine Boyuna Eğitim', 80, '399.00', '499.00', None, '0', 'edebiyat', 'ayt', '2022', 'diğer', 'https://www.kitapsec.com/Products/2022-AYT-Edebiyat-Moduler-Seti-2-Kitap-20-Saatlik-Ozel-Anlatim-680704.html', 'https://cdn.kitapsec.com/image/urun/mid-4772467/2021/12/09/urun-foto-1639065932.png') 
 
DEBUG:
('2022 AYT Edebiyat Paragraf Soru Bankası ve Çıkmış Kalemlik HEDİYELİ  Üç Dört Beş Yayınları', 'Üç Dört Beş Yayıncılık', None, '399.00', '497.00', '4', '4', 'edebiyat', 'ayt', '2022', 'soru bankası', 'https://www.kitapsec.com/Products/2022-AYT-Edebiyat-Paragraf-Soru-Bankasi-ve-Cikmis-Kalemlik-HEDIYELI-Uc-Dort-Bes-Yayinlari-688721.html', 'https://cdn.kitapsec.com/image/urun/mid-4726997/2021/12/31/urun-foto-1640939084.jpg') 
 
DEBUG:
('2022 AYT Edebiyat Soru Bankası Endemik Yayınları', 'Endemik Yayınları', 400, '150.00', '178.00', None, '0', 'edebiyat', 'ayt', '2022', 'soru bankası', 'https://www.kitapsec.com/Products/2022-AYT-Edebiyat-Soru-Bankasi-Endemik-Yayinlari-704018.html', 'https://cdn.kitapsec.com/image/urun/2021/07/28/1627456000.jpg') 
 
DEBUG:
('2022 AYT Edebiyat Soru Bankası Endemik Yayınları', 'Endemik Yayınları', 400, '192.60', '214.00', None, '0', 'edebiyat', 'ayt', '2022', 'soru bankası', 'https://www.kitapsec.com/Products/2022-AYT-Edebiyat-Soru-Bankasi-Endemik-Yayinlari-660202.html', 'https://cdn.kitapsec.com/image/urun/2021/07/28/1627456000.jpg') 
 
DEBUG:
('2022 AYT Edebiyat Sosyal Bilimler 1 Simülasyon Denemeleri Tamamı Video Çözümlü 3D Yayınları', '3d Yayınları', 160, '120.00', '134.00', '4', '4', 'edebiyat', 'ayt', '2022', 'deneme', 'https://www.kitapsec.com/Products/2022-AYT-Edebiyat-Sosyal-Bilimler-1-Simulasyon-Denemeleri-Tamami-Video-Cozumlu-3D-Yayinlari-695836.html', 'https://cdn.kitapsec.com/image/urun/2021/02/08/1612794746.jpg') 
 
DEBUG:
('2022 AYT Edebiyat Ve Matematik 60 Deneme Seti Ve TYT 5 Genel Deneme Seti Eis Yayınları', 'Eis Yayınları', None, '257.39', '312.00', '1', '4', 'edebiyat', 'lise', '2022', 'deneme', 'https://www.kitapsec.com/Products/2022-AYT-Edebiyat-Ve-Matematik-60-Deneme-Seti-Ve-TYT-5-Genel-Deneme-Seti-Eis-Yayinlari-739088.html', 'https://cdn.kitapsec.com/image/urun/mid-4726997/2022/05/07/urun-foto-1651933986.png') 
 
DEBUG:
('2022 AYT Edebiyatın Kara Kutusu Konu Özetli Dijital Çözümlü Çıkmış Soru Bankası İnformal Yayınları', 'İnformal Yayınları', None, '95.99', '120.00', '10', '4', 'edebiyat', 'ayt', '2022', 'soru bankası', 'https://www.kitapsec.com/Products/2022-AYT-Edebiyatin-Kara-Kutusu-Konu-Ozetli-Dijital-Cozumlu-Cikmis-Soru-Bankasi-Informal-Yayinlari-735604.html', 'https://cdn.kitapsec.com/image/urun/2021/10/02/1633176362.jpg') 
 
DEBUG:
('2022 AYT Ekstra Sayısal Soru Kitabı Palme Yayınevi', 'Palme Yayınevi', 384, '147.00', '210.00', '1', '4', 'sayısal', 'ayt', '2022', 'soru bankası', 'https://www.kitapsec.com/Products/2022-AYT-Ekstra-Sayisal-Soru-Kitabi-Palme-Yayinevi-732788.html', 'https://cdn.kitapsec.com/image/urun/2022/04/21/1650533458.jpg') 
 
DEBUG:
('2022 AYT Eşit Ağırlık 5 Deneme ÖSYM Tarzı Kitapçıklarla Detaylı Video Çözümlü 3D Yayınları', '3d Yayınları', None, '99.95', '106.00', None, '0', 'genel', 'ayt', '2022', 'deneme', 'https://www.kitapsec.com/Products/2022-AYT-Esit-Agirlik-5-Deneme-OSYM-Tarzi-Kitapciklarla-Detayli-Video-Cozumlu-3D-Yayinlari-820331.html', 'https://cdn.kitapsec.com/image/urun/mid-4556371/2021/12/15/urun-foto-1639579748.jpg') 
 
DEBUG:
('2022 AYT Eşit Ağırlık Bitirme Seti Deneme HEDİYELİ Üç Dört Beş Yayınları', 'Üç Dört Beş Yayınları', None, '388.80', '486.00', None, '0', 'genel', 'ayt', '2022', 'deneme', 'https://www.kitapsec.com/Products/2022-AYT-Esit-Agirlik-Bitirme-Seti-Deneme-HEDIYELI-Uc-Dort-Bes-Yayinlari-688394.html', 'https://cdn.kitapsec.com/image/urun/mid-4726997/2021/12/30/urun-foto-1640867537.jpg') 
 
DEBUG:
('2022 AYT Eşit Ağırlık Deneme Metin Yayınları', 'Metin Yayınları', None, '49.00', '70.00', None, '0', 'genel', 'ayt', '2022', 'deneme', 'https://www.kitapsec.com/Products/2022-AYT-Esit-Agirlik-Deneme-Metin-Yayinlari-828186.html', 'https://cdn.kitapsec.com/image/urun/2021/09/08/1631095443.jpg') 
 
DEBUG:
('2022 AYT Eşit Ağırlık Deneme Metin Yayınları', 'Metin Yayınları', None, '47.00', '70.00', '3', '4', 'genel', 'ayt', '2022', 'deneme', 'https://www.kitapsec.com/Products/2022-AYT-Esit-Agirlik-Deneme-Metin-Yayinlari-734138.html', 'https://cdn.kitapsec.com/image/urun/2021/09/08/1631095443.jpg') 
 
DEBUG:
('2022 AYT Eşit Ağırlık Ekstra Son Tekrar Soru Kitabı Palme Yayınları', 'Palme Yayınevi', None, '123.20', '176.00', None, '0', 'genel', 'ayt', '2022', 'soru bankası', 'https://www.kitapsec.com/Products/2022-AYT-Esit-Agirlik-Ekstra-Son-Tekrar-Soru-Kitabi-Palme-Yayinlari-732463.html', 'https://cdn.kitapsec.com/image/urun/2022/04/20/1650457740.jpg') 
 
DEBUG:
('2022 AYT Eşit Ağırlık Tüm Dersler 4+2 Soru Bankası Limit Yayınları', 'Limit Yayınları', None, '224.00', '320.00', '6', '4', 'genel', 'ayt', '2022', 'soru bankası', 'https://www.kitapsec.com/Products/2022-AYT-Esit-Agirlik-Tum-Dersler-42-Soru-Bankasi-Limit-Yayinlari-713717.html', 'https://cdn.kitapsec.com/image/urun/2022/02/26/1645858977.jpg') 
 
DEBUG:
('2022 AYT Felsefe Grubu Sondaj Kamp Soru Bankası Yayın Denizi Pro Yayınları', 'Yayın Denizi Yayınları', 59, '38.25', '45.00', '6', '4', 'felsefe', 'ayt', '2022', 'soru bankası', 'https://www.kitapsec.com/Products/2022-AYT-Felsefe-Grubu-Sondaj-Kamp-Soru-Bankasi-Yayin-Denizi-Pro-Yayinlari-735419.html', 'https://cdn.kitapsec.com/image/urun/2022/04/27/1651039709.jpg') 
 
DEBUG:
('2022 AYT Fen Bilimleri 15 Deneme Üçgen Akademi', 'Üçgen Yayıncılık', None, '82.00', '92.00', '1', '4', 'fen', 'ayt', '2022', 'deneme', 'https://www.kitapsec.com/Products/2022-AYT-Fen-Bilimleri-15-Deneme-Ucgen-Akademi-732779.html', 'https://cdn.kitapsec.com/image/urun/2022/03/19/1647680721.jpg') 
 
DEBUG:
('2022 AYT Fen Bilimleri 20x40 Up Deneme Çap Yayınları', 'Çap Yayınları', None, '84.15', '99.00', '231', '5', 'fen', 'ayt', '2022', 'deneme', 'https://www.kitapsec.com/Products/2022-AYT-Fen-Bilimleri-20x40-Up-Deneme-Cap-Yayinlari-698978.html', 'https://cdn.kitapsec.com/image/urun/2022/01/21/1642762626.jpg') 
 
DEBUG:
('2022 AYT Fen Bilimleri Simülasyon Denemeleri Detaylı Video Çözümlü 3D Yayınları', '3d Yayınları', 160, '120.60', '134.00', None, '0', 'fen', 'ayt', '2022', 'deneme', 'https://www.kitapsec.com/Products/2022-AYT-Fen-Bilimleri-Simulasyon-Denemeleri-Detayli-Video-Cozumlu-3D-Yayinlari-682406.html', 'https://cdn.kitapsec.com/image/urun/2021/02/08/1612794333.jpg') 
 
DEBUG:
('2022 AYT Fen Bilimleri Simülasyon Denemeleri Detaylı Video Çözümlü 3D Yayınları', '3d Yayınları', 160, '123.93', '134.00', None, '0', 'fen', 'ayt', '2022', 'deneme', 'https://www.kitapsec.com/Products/2022-AYT-Fen-Bilimleri-Simulasyon-Denemeleri-Detayli-Video-Cozumlu-3D-Yayinlari-751894.html', 'https://cdn.kitapsec.com/image/urun/2021/02/08/1612794333.jpg') 
 
DEBUG:
('2022 AYT Fen Bilimleri ÖSYM Çıkmış ve Çıkabilecek Sorulardan Oluşturulmuş 6 Deneme Sınavı Tamamı Video Çözümlü Marka Yayınları', 'Marka Yayınları', None, '25.00', '25.00', '2', '4', 'fen', 'ayt', '2022', 'deneme', 'https://www.kitapsec.com/Products/2022-AYT-Fen-Bilimleri-OSYM-Cikmis-ve-Cikabilecek-Sorulardan-Olusturulmus-6-Deneme-Sinavi-Tamami-Video-Cozumlu-Marka-Yayinlari-734350.html', 'https://cdn.kitapsec.com/image/urun/2022/03/07/1646662492.jpg') 
 
DEBUG:
('2022 AYT Fiziğin Kara Kutusu (11-12. sınıf) Konu Özetli Dijital Çözümlü Çıkmış Soru Bankası  İnformal Yayınları', 'İnformal Yayınları', 120, '79.99', '100.00', None, '0', 'genel', 'ayt', '2022', 'soru bankası', 'https://www.kitapsec.com/Products/2022-AYT-Fizigin-Kara-Kutusu-11-12-sinif-Konu-Ozetli-Dijital-Cozumlu-Cikmis-Soru-Bankasi-Informal-Yayinlari-735498.html', 'https://cdn.kitapsec.com/image/urun/2021/11/10/1636529141.jpg') 
 
DEBUG:
('2022 AYT Fizik 10 Deneme Tamamı Video Çözümlü Marka Yayınları', 'Marka Yayınları', None, '14.75', '15.00', '43', '4', 'fizik', 'ayt', '2022', 'deneme', 'https://www.kitapsec.com/Products/2022-AYT-Fizik-10-Deneme-Tamami-Video-Cozumlu-Marka-Yayinlari-734338.html', 'https://cdn.kitapsec.com/image/urun/mid-4906406/2022/04/24/urun-foto-1650795907.jpg') 
 
DEBUG:
('2022 AYT Fizik Kimya Bİyoloji 90 Deneme Seti Ve TYT 5 Genel Deneme Seti Eis Yayınları', 'Eis Yayınları', None, '257.39', '312.00', None, '0', 'fen', 'lise', '2022', 'deneme', 'https://www.kitapsec.com/Products/2022-AYT-Fizik-Kimya-BIyoloji-90-Deneme-Seti-Ve-TYT-5-Genel-Deneme-Seti-Eis-Yayinlari-739083.html', 'https://cdn.kitapsec.com/image/urun/mid-4726997/2022/05/07/urun-foto-1651932985.png') 
 
DEBUG:
('2022 AYT Fizik Simülasyon Denemeleri Detaylı Video Çözümlü 3D Yayınları', '3d Yayınları', 96, '84.60', '94.00', '2', '4', 'fizik', 'ayt', '2022', 'deneme', 'https://www.kitapsec.com/Products/2022-AYT-Fizik-Simulasyon-Denemeleri-Detayli-Video-Cozumlu-3D-Yayinlari-748019.html', 'https://cdn.kitapsec.com/image/urun/2022/03/14/1647253278.jpg') 
 
DEBUG:
('2022 AYT Fizik Soru Bankası Altın Karma', 'Altın Karma', 175, '84.50', '169.00', '28', '4', 'fizik', 'ayt', '2022', 'soru bankası', 'https://www.kitapsec.com/Products/2022-AYT-Fizik-Soru-Bankasi-Altin-Karma-651738.html', 'https://cdn.kitapsec.com/image/urun/2021/09/24/1632470195.jpg') 
 
DEBUG:
('2022 AYT Fizik Soru Bankası Benim Hocam Yayınları', 'Benim Hocam Yayınları', 288, '96.75', '129.00', None, '0', 'fizik', 'ayt', '2022', 'soru bankası', 'https://www.kitapsec.com/Products/2022-AYT-Fizik-Soru-Bankasi-Benim-Hocam-Yayinlari-804165.html', 'https://cdn.kitapsec.com/image/urun/mid-2734379/2021/07/18/urun-foto-1626603462.jpg') 
 
DEBUG:
('2022 AYT Fizik Soru Bankası Benim Hocam Yayınları', 'Benim Hocam Yayınları', 288, '48.00', '109.00', '13', '4', 'fizik', 'ayt', '2022', 'soru bankası', 'https://www.kitapsec.com/Products/2022-AYT-Fizik-Soru-Bankasi-Benim-Hocam-Yayinlari-625108.html', 'https://cdn.kitapsec.com/image/urun/mid-2734379/2021/07/18/urun-foto-1626603462.jpg') 
 
DEBUG:
('2022 AYT Fizik Soru Bankası Endemik Yayınları', 'Endemik Yayınları', 368, '225.00', '250.00', '2', '4', 'fizik', 'ayt', '2022', 'soru bankası', 'https://www.kitapsec.com/Products/2022-AYT-Fizik-Soru-Bankasi-Endemik-Yayinlari-704033.html', 'https://cdn.kitapsec.com/image/urun/2021/07/28/1627461663.jpg') 
 
DEBUG:
('2022 AYT Fizik Soru Bankası Endemik Yayınları', 'Endemik Yayınları', 368, '192.60', '214.00', None, '0', 'fizik', 'ayt', '2022', 'soru bankası', 'https://www.kitapsec.com/Products/2022-AYT-Fizik-Soru-Bankasi-Endemik-Yayinlari-660193.html', 'https://cdn.kitapsec.com/image/urun/2021/07/28/1627461663.jpg') 
 
DEBUG:
('2022 AYT Fizik Soru Bankası Esen Yayınları', 'Esen Yayınları', 352, '310.00', '310.00', '1', '4', 'fizik', 'ayt', '2022', 'soru bankası', 'https://www.kitapsec.com/Products/2022-AYT-Fizik-Soru-Bankasi-Esen-Yayinlari-749753.html', 'https://cdn.kitapsec.com/image/urun/2022/01/20/1642665839.jpg') 
 
DEBUG:
('2022 AYT Fizik Yaprak Test Tümler Yayınları', 'Tümler Yayınları', None, '24.00', '24.00', '10', '4', 'fizik', 'ayt', '2022', 'diğer', 'https://www.kitapsec.com/Products/2022-AYT-Fizik-Yaprak-Test-Tumler-Yayinlari-721061.html', 'https://cdn.kitapsec.com/image/urun/2022/03/19/1647681850.jpg') 
 
DEBUG:
('2022 AYT Garanti Konular Soru Bankası Eşit Ağırlık-Sözel Paraf Yayınları', 'Prf Paraf Yayınları', None, '198.00', '220.00', '1', '4', 'sözel', 'ayt', '2022', 'soru bankası', 'https://www.kitapsec.com/Products/2022-AYT-Garanti-Konular-Soru-Bankasi-Esit-Agirlik-Sozel-Paraf-Yayinlari-755903.html', 'https://cdn.kitapsec.com/image/urun/2022/04/05/1649168850.jpg') 
 
DEBUG:
('2022 AYT Garanti Konular Soru Bankası Eşit Ağırlık-Sözel Paraf Yayınları', 'Prf Paraf Yayınları', None, '198.00', '220.00', None, '0', 'sözel', 'ayt', '2022', 'soru bankası', 'https://www.kitapsec.com/Products/2022-AYT-Garanti-Konular-Soru-Bankasi-Esit-Agirlik-Sozel-Paraf-Yayinlari-802766.html', 'https://cdn.kitapsec.com/image/urun/2022/04/05/1649168850.jpg') 
 
DEBUG:
('2022 AYT Garanti Konular Soru Bankası Sayısal Paraf Yayınları', 'Prf Paraf Yayınları', None, '180.00', '200.00', None, '0', 'sayısal', 'ayt', '2022', 'soru bankası', 'https://www.kitapsec.com/Products/2022-AYT-Garanti-Konular-Soru-Bankasi-Sayisal-Paraf-Yayinlari-802765.html', 'https://cdn.kitapsec.com/image/urun/2022/04/05/1649168625.jpg') 
 
DEBUG:
('2022 AYT Garanti Konular Soru Bankası Sayısal Paraf Yayınları', 'Prf Paraf Yayınları', None, '180.00', '200.00', None, '0', 'sayısal', 'ayt', '2022', 'soru bankası', 'https://www.kitapsec.com/Products/2022-AYT-Garanti-Konular-Soru-Bankasi-Sayisal-Paraf-Yayinlari-755902.html', 'https://cdn.kitapsec.com/image/urun/2022/04/05/1649168625.jpg') 
 
DEBUG:
('2022 AYT Geometri Orta ve İleri Düzey Soru Bankası Kafadengi Yayınları', 'Kafadengi Yayınları', 304, '162.00', '180.00', None, '0', 'matematik', 'ayt', '2022', 'soru bankası', 'https://www.kitapsec.com/Products/2022-AYT-Geometri-Orta-ve-Ileri-Duzey-Soru-Bankasi-Kafadengi-Yayinlari-684132.html', 'https://cdn.kitapsec.com/image/urun/2019/07/27/1564229933.jpg') 
 
INFO:
200 book has been scraped from kitapsec. 
 
